unknown word : 	wathcing	
  target sentence : 	a personal pepperoni pizza on a white plate kissane kissane kissane kissane kissane kissane kissane kissane kissane kissane kissane kissane	
computed sentence : 	a a a a a a a a well well well well well well well well well well well well	
--------------------------------------	
unknown word : 	linnes	
unknown word : 	builing	
  target sentence : 	a man standing on a tennis court in front of a crowd kissane kissane kissane kissane kissane kissane kissane kissane	
computed sentence : 	a a a a a a a a a a a a a a a a a a a a	
--------------------------------------	
unknown word : 	decrative	
unknown word : 	selfie	
unknown word : 	catchng	
unknown word : 	longsleeve	
unknown word : 	tasble	
unknown word : 	seravel	
  target sentence : 	a young man welkin a bike down a street next to tall buildings kissane kissane kissane kissane kissane kissane kissane	
computed sentence : 	a a a a a a a a a a a a a a a a a a a a	
--------------------------------------	
unknown word : 	absolutley	
unknown word : 	flatened	
unknown word : 	..	
unknown word : 	".	
unknown word : 	..	
unknown word : 	".	
unknown word : 	..	
  target sentence : 	a pan of pizza and next to a plate with pizza kissane kissane kissane kissane kissane kissane kissane kissane kissane	
computed sentence : 	a a a a a a a a a a a a a a a a a a a a	
--------------------------------------	
unknown word : 	truch	
unknown word : 	graffias	
unknown word : 	shits	
  target sentence : 	a snowboarder in red and orange snow gear picks himself up off the snowy ground kissane kissane kissane kissane kissane	
computed sentence : 	a a a a a a a a a a a a a a a a a a a a	
--------------------------------------	
unknown word : 	."	
unknown word : 	."	
unknown word : 	asain	
  target sentence : 	a blue bus in multiple lanes on a city street kissane kissane kissane kissane kissane kissane kissane kissane kissane kissane	
computed sentence : 	a a a a a a a a a a a a a a a a a a a a	
--------------------------------------	
unknown word : 	cosplaying	
unknown word : 	girafee	
unknown word : 	standind	
unknown word : 	motorcylces	
unknown word : 	selfie	
unknown word : 	..	
unknown word : 	".	
unknown word : 	guages	
  target sentence : 	a collage of photos showing a woman on skis kissane kissane kissane kissane kissane kissane kissane kissane kissane kissane kissane	
computed sentence : 	a a a a a a a a a a a a a a a a a a a a	
--------------------------------------	
unknown word : 	selfie	
unknown word : 	".	
unknown word : 	parkng	
  target sentence : 	two children standing near a pasture full of cows kissane kissane kissane kissane kissane kissane kissane kissane kissane kissane kissane	
computed sentence : 	a a a a a a a a a a a a a a a a a a a a	
--------------------------------------	
unknown word : 	lyign	
unknown word : 	..	
unknown word : 	restaruant	
unknown word : 	rollled	
  target sentence : 	a white bus pulling a load cart in the park kissane kissane kissane kissane kissane kissane kissane kissane kissane kissane	
computed sentence : 	a a a a a a a a a a a a a a a a a a a a	
--------------------------------------	
unknown word : 	,.	
  target sentence : 	a pot of potatoes sits atop a stove kissane kissane kissane kissane kissane kissane kissane kissane kissane kissane kissane kissane	
computed sentence : 	a one same same same same same same same same same same same same same same same same same same	
--------------------------------------	
unknown word : 	upclose	
unknown word : 	."	
unknown word : 	arear	
unknown word : 	whitehat	
  target sentence : 	a computer and keyboard sitting on top of several books kissane kissane kissane kissane kissane kissane kissane kissane kissane kissane	
computed sentence : 	a a a a a a a a a a a a a a a a a a a a	
--------------------------------------	
unknown word : 	urinel	
unknown word : 	oragami	
unknown word : 	consistes	
unknown word : 	zeebras	
unknown word : 	grouo	
  target sentence : 	people shopping in an open market for vegetables kissane kissane kissane kissane kissane kissane kissane kissane kissane kissane kissane kissane	
computed sentence : 	one one one one one one one one one one one one one one one one one one one one	
--------------------------------------	
unknown word : 	acurly	
unknown word : 	girraffe	
  target sentence : 	the facade of a building with painted windows and wrought iron balcony kissane kissane kissane kissane kissane kissane kissane kissane	
computed sentence : 	a a a a a a a a a a a a a a a a a a a a	
--------------------------------------	
unknown word : 	broccolli	
  target sentence : 	a group of people walking in the rain with umbrellas kissane kissane kissane kissane kissane kissane kissane kissane kissane kissane	
computed sentence : 	a a a a a a a a a a a a a a a a a a a a	
--------------------------------------	
unknown word : 	..	
unknown word : 	widewalk	
  target sentence : 	a bathroom with green walls that has two sinks and two toilets with one bathtub kissane kissane kissane kissane kissane	
computed sentence : 	a a a a a a a a a a a a a a a a a a a a	
--------------------------------------	
unknown word : 	wtha	
unknown word : 	cauldrens	
unknown word : 	firepits	
unknown word : 	skatebaord	
unknown word : 	truckbed	
unknown word : 	herselg	
unknown word : 	unfunished	
unknown word : 	zerba	
unknown word : 	buscuit	
  target sentence : 	a man and woman riding on a motorcycle as others look on kissane kissane kissane kissane kissane kissane kissane kissane	
computed sentence : 	a a one one one one one one one one one one one one one one one one one one	
--------------------------------------	
unknown word : 	freez	
unknown word : 	modifgied	
unknown word : 	parasailers	
  target sentence : 	a bike parked on the side of a pole with a teddy bear covered in flowers kissane kissane kissane kissane	
computed sentence : 	a a a a a a a a a a a a a a a a a a a a	
--------------------------------------	
unknown word : 	".	
unknown word : 	preforming	
unknown word : 	paked	
unknown word : 	gril	
unknown word : 	."	
  target sentence : 	a couple of bears sitting around in a zoo pin kissane kissane kissane kissane kissane kissane kissane kissane kissane kissane	
computed sentence : 	which which which which which which which which which which which which which which which which which which which which	
--------------------------------------	
unknown word : 	pcture	
unknown word : 	."	
  target sentence : 	a rural field with trees and cows grazing in the distance kissane kissane kissane kissane kissane kissane kissane kissane kissane	
computed sentence : 	a a a a a a a a a a a a a a a a a a a a	
--------------------------------------	
unknown word : 	trowing	
  target sentence : 	a large tiger stripped cat sitting on top of a purse kissane kissane kissane kissane kissane kissane kissane kissane kissane	
computed sentence : 	a a a a a a a a a a a a a a a a a a a a	
--------------------------------------	
unknown word : 	bannannas	
unknown word : 	lieing	
unknown word : 	..	
  target sentence : 	a bus sitting parked next to a building with people in it kissane kissane kissane kissane kissane kissane kissane kissane	
computed sentence : 	a a a a a a a a a a a a a a a a a a a a	
--------------------------------------	
unknown word : 	..	
unknown word : 	smilng	
unknown word : 	..	
unknown word : 	".	
unknown word : 	selfie	
unknown word : 	unpackaging	
unknown word : 	selfie	
unknown word : 	..	
  target sentence : 	two laptops , a computer and a television on in a room with a bassinet kissane kissane kissane kissane kissane	
computed sentence : 	a a a a a a a a a a a a a a a a a a a a	
--------------------------------------	
unknown word : 	selfie	
unknown word : 	."	
cannot load : 	.	
no image for 	.	 at sample 	2936	
unknown word : 	sandwhiches	
unknown word : 	toothpicked	
unknown word : 	cruiseboat	
unknown word : 	incudes	
unknown word : 	..	
unknown word : 	".	
  target sentence : 	a professional horseback rider on a horse in a pen kissane kissane kissane kissane kissane kissane kissane kissane kissane kissane	
computed sentence : 	a a a a a a a a a a a a a a a a a a a a	
--------------------------------------	
unknown word : 	atable	
unknown word : 	skiies	
unknown word : 	fixins	
unknown word : 	baord	
  target sentence : 	a man using his head to hit a soccer ball while playing soccer with other men kissane kissane kissane kissane	
computed sentence : 	a a a a a a a a a a a a a a a a a a a a	
--------------------------------------	
unknown word : 	ngwooden	
unknown word : 	trolly	
unknown word : 	scateboarder	
unknown word : 	backgorund	
  target sentence : 	a person doing a skateboarding trick on sidewalk kissane kissane kissane kissane kissane kissane kissane kissane kissane kissane kissane kissane	
computed sentence : 	a a a one one one one one one one one one one one one one one one one one	
--------------------------------------	
unknown word : 	kiteboard	
unknown word : 	talbe	
unknown word : 	frisbe	
unknown word : 	fritata	
  target sentence : 	a woman holding a flying disc stands beside a dog in a well - mowed grass lawn with pennant flags	
computed sentence : 	a a a a a a a a a a a a a a a a a a a a	
--------------------------------------	
unknown word : 	skiis	
unknown word : 	".	
  target sentence : 	a woman standing next to an animal on top of a field kissane kissane kissane kissane kissane kissane kissane kissane	
computed sentence : 	a a a a a a a a a a a a a a a a a a a a	
--------------------------------------	
unknown word : 	ovlives	
unknown word : 	lookd	
unknown word : 	groud	
unknown word : 	).	
unknown word : 	."	
  target sentence : 	three competitive downhill skiers with numbered bibs skiing down the course kissane kissane kissane kissane kissane kissane kissane kissane kissane	
computed sentence : 	a a a a a a a a a a a a a a a a a a a a	
--------------------------------------	
unknown word : 	".	
unknown word : 	kiteboard	
unknown word : 	deckered	
  target sentence : 	a picture of a street sign and some buildings kissane kissane kissane kissane kissane kissane kissane kissane kissane kissane kissane	
computed sentence : 	a same same same same same same same same same same same same same same same same same same same	
--------------------------------------	
unknown word : 	clpse	
unknown word : 	refridgerator	
unknown word : 	toped	
unknown word : 	estatic	
unknown word : 	dontop	
  target sentence : 	a white toilet sitting next to a sink under a mirror kissane kissane kissane kissane kissane kissane kissane kissane kissane	
computed sentence : 	a a a a a a a a a a a a a a a a a a a a	
--------------------------------------	
unknown word : 	selfie	
unknown word : 	knelled	
unknown word : 	hummous	
  target sentence : 	a man with a tennis racquet runs in one direction kissane kissane kissane kissane kissane kissane kissane kissane kissane kissane	
computed sentence : 	a a a a a a a a a a a a a a a a a a a a	
--------------------------------------	
unknown word : 	skatebord	
unknown word : 	frisbe	
unknown word : 	..	
  target sentence : 	a man holding a tennis racquet on a tennis court kissane kissane kissane kissane kissane kissane kissane kissane kissane kissane	
computed sentence : 	a a a a a a a a a a a a a a a a a a a a	
--------------------------------------	
unknown word : 	catseye	
unknown word : 	cathing	
unknown word : 	barding	
  target sentence : 	the woman is right near the horse by the trees kissane kissane kissane kissane kissane kissane kissane kissane kissane kissane	
computed sentence : 	out out out . . . . . . . . . . . . . . . . .	
--------------------------------------	
unknown word : 	teddybear	
unknown word : 	tolet	
  target sentence : 	a black cat is sitting on top of a suitcase kissane kissane kissane kissane kissane kissane kissane kissane kissane kissane	
computed sentence : 	a a a a a a a a a a a a a a a a a a a a	
--------------------------------------	
unknown word : 	checkerd	
unknown word : 	kiteboard	
unknown word : 	selfie	
unknown word : 	selfie	
  target sentence : 	a view of a bench with a vase next to it , it looks old fashioned kissane kissane kissane kissane	
computed sentence : 	a a same same same same same same same same same same same same same same same same same same	
--------------------------------------	
unknown word : 	..	
  target sentence : 	a couple of young boys playing with a skateboard kissane kissane kissane kissane kissane kissane kissane kissane kissane kissane kissane	
computed sentence : 	a a a a a a a a a a a a a a a a a a a a	
--------------------------------------	
unknown word : 	turmac	
unknown word : 	bananasand	
  target sentence : 	a couple of people are walking near an old train kissane kissane kissane kissane kissane kissane kissane kissane kissane kissane	
computed sentence : 	a a a a a a a a a a a a a a a a a a a a	
--------------------------------------	
unknown word : 	dougnuts	
unknown word : 	preforming	
unknown word : 	..	
  target sentence : 	a large yellow truck in front of a building under construction kissane kissane kissane kissane kissane kissane kissane kissane kissane	
computed sentence : 	a same same same same same same same same same same same same same same same same same same same	
--------------------------------------	
unknown word : 	eith	
unknown word : 	beddings	
unknown word : 	."	
unknown word : 	foccia	
unknown word : 	".	
unknown word : 	patern	
  target sentence : 	several items on a table kissane cell phone and rubber duck in the front kissane kissane kissane kissane kissane kissane	
computed sentence : 	a a a a a a a a a a a a a a a a a a a a	
--------------------------------------	
unknown word : 	iarplane	
unknown word : 	gumpaste	
unknown word : 	..	
unknown word : 	docorated	
unknown word : 	pepperonis	
unknown word : 	chidden	
  target sentence : 	a doctor looking at a computer as her patient waits kissane kissane kissane kissane kissane kissane kissane kissane kissane kissane	
computed sentence : 	a a a a a a a a a a a a a a a a a a a a	
--------------------------------------	
unknown word : 	airlplane	
unknown word : 	withinin	
  target sentence : 	five guys are sitting at a long table drinking wine kissane kissane kissane kissane kissane kissane kissane kissane kissane kissane	
computed sentence : 	a a a a a a a a a a a a a a a a a a a a	
--------------------------------------	
unknown word : 	skiis	
unknown word : 	sideview	
unknown word : 	trransformed	
  target sentence : 	a baby sitting in a kitchen sink next to a faucet kissane kissane kissane kissane kissane kissane kissane kissane kissane	
computed sentence : 	a a a a a a a a a a a a a a a a a a a a	
--------------------------------------	
unknown word : 	airpane	
unknown word : 	".	
  target sentence : 	a whit microwave on top of a counter in a kitchen kissane kissane kissane kissane kissane kissane kissane kissane kissane	
computed sentence : 	a a a a a a a a a a a a a a a a a a a a	
--------------------------------------	
unknown word : 	vegitable	
unknown word : 	frieghtt	
unknown word : 	brocelli	
unknown word : 	."	
unknown word : 	girafees	
unknown word : 	."	
unknown word : 	gnar	
unknown word : 	trolly	
  target sentence : 	a red traffic light in front of a three story building kissane kissane kissane kissane kissane kissane kissane kissane kissane	
computed sentence : 	a a a a a a a a a a a a a a a a a a a a	
--------------------------------------	
unknown word : 	backpocker	
unknown word : 	aroung	
unknown word : 	gradd	
unknown word : 	outreached	
unknown word : 	finchingfield	
  target sentence : 	military type truck rides behind a bus around the curved street kissane kissane kissane kissane kissane kissane kissane kissane kissane	
computed sentence : 	a one one one one one one one one one one one one one one one one one one one	
--------------------------------------	
unknown word : 	."	
unknown word : 	andtoast	
unknown word : 	convieniant	
unknown word : 	atable	
unknown word : 	".	
unknown word : 	."	
  target sentence : 	a bunch of bowls that have some crabs in it kissane kissane kissane kissane kissane kissane kissane kissane kissane kissane	
computed sentence : 	a a same same same same same same same same same same same same same same same same same same	
--------------------------------------	
unknown word : 	,,	
  target sentence : 	an animal that has given up on it ' s pulling duties kissane kissane kissane kissane kissane kissane kissane kissane	
computed sentence : 	a a a a a a a a a a a a a a a a a a a a	
--------------------------------------	
unknown word : 	jockies	
unknown word : 	baord	
unknown word : 	nozzels	
unknown word : 	ifeld	
unknown word : 	livering	
unknown word : 	".	
unknown word : 	atable	
unknown word : 	mangoing	
unknown word : 	".	
  target sentence : 	a person riding a skateboard at a skate park kissane kissane kissane kissane kissane kissane kissane kissane kissane kissane kissane	
computed sentence : 	a a a a a a a a a a a a a a a a a a a a	
--------------------------------------	
unknown word : 	."	
unknown word : 	alongide	
unknown word : 	"/	
  target sentence : 	many people are walking around the walkway under trees kissane kissane kissane kissane kissane kissane kissane kissane kissane kissane kissane	
computed sentence : 	a a a a a a a a a a a a a a a a a a a a	
--------------------------------------	
unknown word : 	surger	
unknown word : 	willdabeast	
unknown word : 	potoato	
unknown word : 	selfie	
unknown word : 	,"	
unknown word : 	numjucks	
  target sentence : 	candle holders with glass vases and flowers displayed on tabletop with white ornate plate kissane kissane kissane kissane kissane kissane	
computed sentence : 	a a a a a a a same same same same same same same same same same same same same	
--------------------------------------	
  target sentence : 	a young black girl hitting a tennis ball on a court kissane kissane kissane kissane kissane kissane kissane kissane kissane	
computed sentence : 	a a a a a a a a a a a a a a a a a a a a	
--------------------------------------	
unknown word : 	suace	
unknown word : 	bicycler	
unknown word : 	traintracks	
unknown word : 	miroor	
unknown word : 	dlvd	
  target sentence : 	birds flying in to land on a lake kissane kissane kissane kissane kissane kissane kissane kissane kissane kissane kissane kissane	
computed sentence : 	one one one one same same same same same same same same same same same same same same same same	
--------------------------------------	
unknown word : 	mesmorized	
unknown word : 	).	
unknown word : 	skiis	
  target sentence : 	a person doing skateboard tricks on the steps kissane kissane kissane kissane kissane kissane kissane kissane kissane kissane kissane kissane	
computed sentence : 	a a a a a a a a a a a a a a a a a a a a	
--------------------------------------	
unknown word : 	buliding	
unknown word : 	skiies	
unknown word : 	skiis	
  target sentence : 	people that are making a pizza from start to finish kissane kissane kissane kissane kissane kissane kissane kissane kissane kissane	
computed sentence : 	a a a a a a a a a a a a a a a a a a a a	
--------------------------------------	
unknown word : 	iamge	
unknown word : 	..	
unknown word : 	trolly	
  target sentence : 	a group of people riding a subway train holding smart phones kissane kissane kissane kissane kissane kissane kissane kissane kissane	
computed sentence : 	a a a a a a a a a a a a a a a a a a a a	
--------------------------------------	
unknown word : 	12r	
unknown word : 	buliding	
unknown word : 	enclosement	
unknown word : 	."	
unknown word : 	piza	
unknown word : 	fruti	
  target sentence : 	a man sitting in front of a flat screen tv kissane kissane kissane kissane kissane kissane kissane kissane kissane kissane	
computed sentence : 	a a a a a a a a a a a a a a a a a a a a	
--------------------------------------	
unknown word : 	..	
unknown word : 	sheering	
unknown word : 	..	
  target sentence : 	a large brown dog laying on a hard wood floor kissane kissane kissane kissane kissane kissane kissane kissane kissane kissane	
computed sentence : 	a a a a a a a a a a a a a a a a a a a a	
--------------------------------------	
unknown word : 	scissorces	
unknown word : 	knect	
unknown word : 	surprizing	
unknown word : 	skiis	
  target sentence : 	a man who is making a threatening gesture with a knife kissane kissane kissane kissane kissane kissane kissane kissane kissane	
computed sentence : 	a a a a a a a a a a a a a a a a a a a a	
--------------------------------------	
unknown word : 	skateboad	
unknown word : 	cople	
  target sentence : 	a stop sign in front of a concrete box in the road kissane kissane kissane kissane kissane kissane kissane kissane	
computed sentence : 	a a a one one one one one one a a same same same same same same same same same	
--------------------------------------	
unknown word : 	deckered	
unknown word : 	..	
unknown word : 	giraff	
  target sentence : 	a woman walking past a fire hydrant with a man kissane kissane kissane kissane kissane kissane kissane kissane kissane kissane	
computed sentence : 	a a a a a a a a a a a a a a a a a a a a	
--------------------------------------	
unknown word : 	dued	
unknown word : 	skiis	
unknown word : 	sheering	
  target sentence : 	a cat standing on top of a bed next to a window kissane kissane kissane kissane kissane kissane kissane kissane	
computed sentence : 	a a a a a a a a a a a a a a a a a a a a	
--------------------------------------	
unknown word : 	..	
unknown word : 	beachshore	
  target sentence : 	a woman is handing a frisbee to a young girl kissane kissane kissane kissane kissane kissane kissane kissane kissane kissane	
computed sentence : 	a a a a a a a a a a a a a a a a a a a a	
--------------------------------------	
unknown word : 	..	
unknown word : 	..	
unknown word : 	gorup	
  target sentence : 	a man is helping an elephant paint a picture kissane kissane kissane kissane kissane kissane kissane kissane kissane kissane kissane	
computed sentence : 	a a a a a a a a a a a a a a a a a a a a	
--------------------------------------	
unknown word : 	..	
unknown word : 	drainer	
unknown word : 	frisbe	
unknown word : 	restaurnat	
  target sentence : 	a woman adjusting a mans neck tie near a cake kissane kissane kissane kissane kissane kissane kissane kissane kissane kissane	
computed sentence : 	a a a a a a a a a a a a a a a a a a a a	
--------------------------------------	
unknown word : 	fulled	
unknown word : 	sculture	
  target sentence : 	a snowboarder does a pose while flying through the air kissane kissane kissane kissane kissane kissane kissane kissane kissane kissane	
computed sentence : 	a a a a a a a a a a a a a a a a a a a a	
--------------------------------------	
unknown word : 	deocorative	
unknown word : 	miror	
unknown word : 	."	
unknown word : 	barbwire	
unknown word : 	sufer	
  target sentence : 	a man is surfing on a wave in the ocean kissane kissane kissane kissane kissane kissane kissane kissane kissane kissane	
computed sentence : 	a a a a a a a a a a a a a a a a a a a a	
--------------------------------------	
unknown word : 	bratts	
unknown word : 	peices	
  target sentence : 	a girl sitting on some steps talking on her cell phone kissane kissane kissane kissane kissane kissane kissane kissane kissane	
computed sentence : 	a a a a a a a a a a a a a a a a a a a a	
--------------------------------------	
unknown word : 	elephnat	
unknown word : 	caryring	
unknown word : 	.;	
unknown word : 	truncks	
  target sentence : 	an kissane walks through a field with a giraffe in the distance kissane kissane kissane kissane kissane kissane kissane kissane	
computed sentence : 	a a same same same same same same same same same same same same same same same same same same	
--------------------------------------	
unknown word : 	skiis	
unknown word : 	backback	
unknown word : 	umbrells	
unknown word : 	airiel	
unknown word : 	corgy	
unknown word : 	..	
unknown word : 	siloette	
unknown word : 	winddow	
  target sentence : 	a woman in white dress playing a game of tennis kissane kissane kissane kissane kissane kissane kissane kissane kissane kissane	
computed sentence : 	a a a a a a a a a a a a a a a a a a a a	
--------------------------------------	
unknown word : 	lapt	
unknown word : 	lookign	
unknown word : 	bathroomw	
cannot load : 	.	
no image for 	.	 at sample 	14940	
unknown word : 	tshirt	
unknown word : 	buldings	
unknown word : 	advertsment	
unknown word : 	umping	
  target sentence : 	a brown dog is laying on a coach kissane kissane kissane kissane kissane kissane kissane kissane kissane kissane kissane kissane	
computed sentence : 	a a a a a a a a a a a a a a a a a a a a	
--------------------------------------	
unknown word : 	..	
unknown word : 	orpahanage	
  target sentence : 	a gang of bikers riding motorcycles down a street kissane kissane kissane kissane kissane kissane kissane kissane kissane kissane kissane	
computed sentence : 	a a a a a a a a a a a a a a a a a a a a	
--------------------------------------	
unknown word : 	sandwhich	
unknown word : 	wetsuid	
unknown word : 	..	
unknown word : 	whichn	
unknown word : 	soccerball	
  target sentence : 	a man on a tennis court is hitting the ball kissane kissane kissane kissane kissane kissane kissane kissane kissane kissane	
computed sentence : 	a a a a a a a a a a a a a a a a a a a a	
--------------------------------------	
unknown word : 	tomatos	
unknown word : 	fuscia	
unknown word : 	surfboarding	
unknown word : 	overside	
^C/home/yves/torch/install/bin/luajit: ./glove/glove.lua:35: interrupted!
stack traceback:
	./glove/glove.lua:35: in function 'distance'
	./glove/glove.lua:47: in function 'vec2word'
	./disputils.lua:73: in function 'display_word_outputs'
	main.lua:190: in function 'opfunc'
	/home/yves/torch/install/share/lua/5.1/optim/sgd.lua:44: in function 'sgd'
	main.lua:198: in main chunk
	[C]: in function 'dofile'
	...yves/torch/install/lib/luarocks/rocks/trepl/scm-1/bin/th:150: in main chunk
	[C]: at 0x00406670

