epoch	sample	loss	
 1.0000e+00	 2.5600e+02	 1.3862e-01	
 1.0000e+00	 5.1200e+02	 1.4274e-01	
 1.0000e+00	 7.6800e+02	 1.4544e-01	
 1.0000e+00	 1.0240e+03	 1.4558e-01	
 1.0000e+00	 1.2800e+03	 1.4166e-01	
 1.0000e+00	 1.5360e+03	 1.4059e-01	
 1.0000e+00	 1.7920e+03	 1.3972e-01	
 1.0000e+00	 2.0480e+03	 1.3666e-01	
 1.0000e+00	 2.3040e+03	 1.3769e-01	
 1.0000e+00	 2.5600e+03	 1.3430e-01	
 1.0000e+00	 2.8160e+03	 1.3338e-01	
 1.0000e+00	 3.0720e+03	 1.2939e-01	
 1.0000e+00	 3.3280e+03	 1.2678e-01	
 1.0000e+00	 3.5840e+03	 1.2541e-01	
 1.0000e+00	 3.8400e+03	 1.2489e-01	
 1.0000e+00	 4.0960e+03	 1.2315e-01	
 1.0000e+00	 4.3520e+03	 1.2294e-01	
 1.0000e+00	 4.6080e+03	 1.2113e-01	
 1.0000e+00	 4.8640e+03	 1.1842e-01	
 1.0000e+00	 5.1200e+03	 1.1601e-01	
 1.0000e+00	 5.3760e+03	 1.1612e-01	
 1.0000e+00	 5.6320e+03	 1.1377e-01	
 1.0000e+00	 5.8880e+03	 1.1061e-01	
 1.0000e+00	 6.1440e+03	 1.1053e-01	
 1.0000e+00	 6.4000e+03	 1.1102e-01	
 1.0000e+00	 6.6560e+03	 1.0804e-01	
 1.0000e+00	 6.9120e+03	 1.0685e-01	
 1.0000e+00	 7.1680e+03	 1.0696e-01	
 1.0000e+00	 7.4240e+03	 1.0264e-01	
 1.0000e+00	 7.6800e+03	 1.0454e-01	
 1.0000e+00	 7.9360e+03	 1.0429e-01	
 1.0000e+00	 8.1920e+03	 1.0284e-01	
 1.0000e+00	 8.4480e+03	 1.0211e-01	
 1.0000e+00	 8.7040e+03	 9.9892e-02	
 1.0000e+00	 8.9600e+03	 1.0276e-01	
 1.0000e+00	 9.2160e+03	 9.9642e-02	
 1.0000e+00	 9.4720e+03	 9.8818e-02	
 1.0000e+00	 9.7280e+03	 9.8516e-02	
 1.0000e+00	 9.9840e+03	 9.7228e-02	
 1.0000e+00	 1.0240e+04	 9.5792e-02	
 1.0000e+00	 1.0496e+04	 9.6320e-02	
 1.0000e+00	 1.0752e+04	 9.5101e-02	
 1.0000e+00	 1.1008e+04	 9.4780e-02	
 1.0000e+00	 1.1264e+04	 9.4512e-02	
 1.0000e+00	 1.1520e+04	 9.5826e-02	
 1.0000e+00	 1.1776e+04	 9.2358e-02	
 1.0000e+00	 1.2032e+04	 9.2251e-02	
 1.0000e+00	 1.2288e+04	 9.0595e-02	
 1.0000e+00	 1.2544e+04	 9.1079e-02	
 1.0000e+00	 1.2800e+04	 9.1870e-02	
 1.0000e+00	 1.3056e+04	 9.1817e-02	
 1.0000e+00	 1.3312e+04	 9.1865e-02	
 1.0000e+00	 1.3568e+04	 8.8751e-02	
 1.0000e+00	 1.3824e+04	 8.8117e-02	
 1.0000e+00	 1.4080e+04	 9.0839e-02	
 1.0000e+00	 1.4336e+04	 8.7251e-02	
 1.0000e+00	 1.4592e+04	 8.7133e-02	
 1.0000e+00	 1.4848e+04	 8.6125e-02	
 1.0000e+00	 1.5104e+04	 8.5418e-02	
 1.0000e+00	 1.5360e+04	 8.4138e-02	
 1.0000e+00	 1.5616e+04	 8.4794e-02	
 1.0000e+00	 1.5872e+04	 8.4675e-02	
 1.0000e+00	 1.6128e+04	 8.3977e-02	
 1.0000e+00	 1.6384e+04	 8.3564e-02	
 1.0000e+00	 1.6640e+04	 8.1396e-02	
 1.0000e+00	 1.6896e+04	 8.3823e-02	
 1.0000e+00	 1.7152e+04	 8.0246e-02	
 1.0000e+00	 1.7408e+04	 8.2973e-02	
 1.0000e+00	 1.7664e+04	 8.2972e-02	
 1.0000e+00	 1.7920e+04	 8.0933e-02	
 1.0000e+00	 1.8176e+04	 8.0534e-02	
 1.0000e+00	 1.8432e+04	 8.0561e-02	
 1.0000e+00	 1.8688e+04	 8.1523e-02	
 1.0000e+00	 1.8944e+04	 8.1090e-02	
 1.0000e+00	 1.9200e+04	 7.7685e-02	
 1.0000e+00	 1.9456e+04	 8.0246e-02	
 1.0000e+00	 1.9712e+04	 8.0409e-02	
 1.0000e+00	 1.9968e+04	 7.8915e-02	
 1.0000e+00	 2.0224e+04	 7.8812e-02	
 1.0000e+00	 2.0480e+04	 7.5821e-02	
 1.0000e+00	 2.0736e+04	 7.7326e-02	
 1.0000e+00	 2.0992e+04	 8.1613e-02	
 1.0000e+00	 2.1248e+04	 7.7136e-02	
 1.0000e+00	 2.1504e+04	 7.8434e-02	
 1.0000e+00	 2.1760e+04	 7.6250e-02	
 1.0000e+00	 2.2016e+04	 7.5812e-02	
 1.0000e+00	 2.2272e+04	 7.5779e-02	
 1.0000e+00	 2.2528e+04	 7.8361e-02	
 1.0000e+00	 2.2784e+04	 7.7173e-02	
 1.0000e+00	 2.3040e+04	 7.7182e-02	
 1.0000e+00	 2.3296e+04	 7.4739e-02	
 1.0000e+00	 2.3552e+04	 7.6410e-02	
 1.0000e+00	 2.3808e+04	 7.3363e-02	
 1.0000e+00	 2.4064e+04	 7.5316e-02	
 1.0000e+00	 2.4320e+04	 7.5172e-02	
 1.0000e+00	 2.4576e+04	 7.4602e-02	
 1.0000e+00	 2.4832e+04	 7.5940e-02	
 1.0000e+00	 2.5088e+04	 7.3881e-02	
 1.0000e+00	 2.5344e+04	 7.5513e-02	
 1.0000e+00	 2.5600e+04	 7.4285e-02	
 1.0000e+00	 2.5856e+04	 7.4765e-02	
 1.0000e+00	 2.6112e+04	 7.2720e-02	
 1.0000e+00	 2.6368e+04	 7.2785e-02	
 1.0000e+00	 2.6624e+04	 7.3143e-02	
 1.0000e+00	 2.6880e+04	 7.5042e-02	
 1.0000e+00	 2.7136e+04	 7.3364e-02	
 1.0000e+00	 2.7392e+04	 7.3024e-02	
 1.0000e+00	 2.7648e+04	 7.2116e-02	
 1.0000e+00	 2.7904e+04	 7.4091e-02	
 1.0000e+00	 2.8160e+04	 7.1729e-02	
 1.0000e+00	 2.8416e+04	 7.1546e-02	
 1.0000e+00	 2.8672e+04	 7.3077e-02	
 1.0000e+00	 2.8928e+04	 7.4145e-02	
 1.0000e+00	 2.9184e+04	 7.2514e-02	
 1.0000e+00	 2.9440e+04	 7.0838e-02	
 1.0000e+00	 2.9696e+04	 6.9917e-02	
 1.0000e+00	 2.9952e+04	 6.9527e-02	
 1.0000e+00	 3.0208e+04	 7.0398e-02	
 1.0000e+00	 3.0464e+04	 7.1567e-02	
 1.0000e+00	 3.0720e+04	 6.9816e-02	
 1.0000e+00	 3.0976e+04	 7.0746e-02	
 1.0000e+00	 3.1232e+04	 6.9471e-02	
 1.0000e+00	 3.1488e+04	 7.0539e-02	
 1.0000e+00	 3.1744e+04	 7.0245e-02	
 1.0000e+00	 3.2000e+04	 6.9907e-02	
 1.0000e+00	 3.2256e+04	 6.9973e-02	
 1.0000e+00	 3.2512e+04	 6.8469e-02	
 1.0000e+00	 3.2768e+04	 6.8773e-02	
 1.0000e+00	 3.3024e+04	 6.7799e-02	
 1.0000e+00	 3.3280e+04	 6.8214e-02	
 1.0000e+00	 3.3536e+04	 6.7578e-02	
 1.0000e+00	 3.3792e+04	 6.8386e-02	
 1.0000e+00	 3.4048e+04	 6.6060e-02	
 1.0000e+00	 3.4304e+04	 6.7212e-02	
 1.0000e+00	 3.4560e+04	 6.6360e-02	
 1.0000e+00	 3.4816e+04	 6.7932e-02	
 1.0000e+00	 3.5072e+04	 6.8838e-02	
 1.0000e+00	 3.5328e+04	 6.7099e-02	
 1.0000e+00	 3.5584e+04	 6.7255e-02	
 1.0000e+00	 3.5840e+04	 6.5244e-02	
 1.0000e+00	 3.6096e+04	 6.5130e-02	
 1.0000e+00	 3.6352e+04	 6.4898e-02	
 1.0000e+00	 3.6608e+04	 6.5331e-02	
 1.0000e+00	 3.6864e+04	 6.5825e-02	
 1.0000e+00	 3.7120e+04	 6.5518e-02	
 1.0000e+00	 3.7376e+04	 6.4527e-02	
 1.0000e+00	 3.7632e+04	 6.5563e-02	
 1.0000e+00	 3.7888e+04	 6.4832e-02	
 1.0000e+00	 3.8144e+04	 6.6734e-02	
 1.0000e+00	 3.8400e+04	 6.6461e-02	
 1.0000e+00	 3.8656e+04	 6.5851e-02	
 1.0000e+00	 3.8912e+04	 6.4490e-02	
 1.0000e+00	 3.9168e+04	 6.4535e-02	
 1.0000e+00	 3.9424e+04	 6.4641e-02	
 1.0000e+00	 3.9680e+04	 6.3711e-02	
 1.0000e+00	 3.9936e+04	 6.4726e-02	
 1.0000e+00	 4.0192e+04	 6.7360e-02	
 1.0000e+00	 4.0448e+04	 6.4498e-02	
 1.0000e+00	 4.0704e+04	 6.3906e-02	
 1.0000e+00	 4.0960e+04	 6.4001e-02	
 1.0000e+00	 4.1216e+04	 6.4396e-02	
 1.0000e+00	 4.1472e+04	 6.3415e-02	
 1.0000e+00	 4.1728e+04	 6.3683e-02	
 1.0000e+00	 4.1984e+04	 6.2718e-02	
 1.0000e+00	 4.2240e+04	 6.2982e-02	
 1.0000e+00	 4.2496e+04	 6.2960e-02	
 1.0000e+00	 4.2752e+04	 6.2920e-02	
 1.0000e+00	 4.3008e+04	 6.3035e-02	
 1.0000e+00	 4.3264e+04	 6.2592e-02	
 1.0000e+00	 4.3520e+04	 6.2344e-02	
 1.0000e+00	 4.3776e+04	 6.2454e-02	
 1.0000e+00	 4.4032e+04	 6.3223e-02	
 1.0000e+00	 4.4288e+04	 6.2022e-02	
 1.0000e+00	 4.4544e+04	 6.2476e-02	
 1.0000e+00	 4.4800e+04	 6.3503e-02	
 1.0000e+00	 4.5056e+04	 6.3407e-02	
 1.0000e+00	 4.5312e+04	 6.2669e-02	
 1.0000e+00	 4.5568e+04	 6.3543e-02	
 1.0000e+00	 4.5824e+04	 6.2819e-02	
 1.0000e+00	 4.6080e+04	 6.2779e-02	
 1.0000e+00	 4.6336e+04	 6.2894e-02	
 1.0000e+00	 4.6592e+04	 6.2086e-02	
 1.0000e+00	 4.6848e+04	 6.3721e-02	
 1.0000e+00	 4.7104e+04	 6.1900e-02	
 1.0000e+00	 4.7360e+04	 6.1805e-02	
 1.0000e+00	 4.7616e+04	 6.1474e-02	
 1.0000e+00	 4.7872e+04	 6.0834e-02	
 1.0000e+00	 4.8128e+04	 6.1502e-02	
 1.0000e+00	 4.8384e+04	 6.1670e-02	
 1.0000e+00	 4.8640e+04	 6.1986e-02	
 1.0000e+00	 4.8896e+04	 6.1912e-02	
 1.0000e+00	 4.9152e+04	 6.2313e-02	
 1.0000e+00	 4.9408e+04	 6.1466e-02	
 1.0000e+00	 4.9664e+04	 6.2116e-02	
 1.0000e+00	 4.9920e+04	 6.0309e-02	
 1.0000e+00	 5.0176e+04	 5.9879e-02	
 1.0000e+00	 5.0432e+04	 6.0836e-02	
 1.0000e+00	 5.0688e+04	 5.8694e-02	
 1.0000e+00	 5.0944e+04	 6.0007e-02	
 1.0000e+00	 5.1200e+04	 6.0441e-02	
 1.0000e+00	 5.1456e+04	 6.0956e-02	
 1.0000e+00	 5.1712e+04	 6.0446e-02	
 1.0000e+00	 5.1968e+04	 5.9873e-02	
 1.0000e+00	 5.2224e+04	 6.0989e-02	
 1.0000e+00	 5.2480e+04	 5.9839e-02	
 1.0000e+00	 5.2736e+04	 6.0352e-02	
 1.0000e+00	 5.2992e+04	 5.9835e-02	
 1.0000e+00	 5.3248e+04	 6.0057e-02	
 1.0000e+00	 5.3504e+04	 6.0190e-02	
 1.0000e+00	 5.3760e+04	 6.0417e-02	
 1.0000e+00	 5.4016e+04	 5.9914e-02	
 1.0000e+00	 5.4272e+04	 6.0307e-02	
 1.0000e+00	 5.4528e+04	 5.9936e-02	
 1.0000e+00	 5.4784e+04	 5.9095e-02	
 1.0000e+00	 5.5040e+04	 5.9711e-02	
 1.0000e+00	 5.5296e+04	 6.0168e-02	
 1.0000e+00	 5.5552e+04	 5.9906e-02	
 1.0000e+00	 5.5808e+04	 5.8597e-02	
 1.0000e+00	 5.6064e+04	 6.0159e-02	
 1.0000e+00	 5.6320e+04	 5.8807e-02	
 1.0000e+00	 5.6576e+04	 5.8199e-02	
 1.0000e+00	 5.6832e+04	 5.9426e-02	
 1.0000e+00	 5.7088e+04	 5.9645e-02	
 1.0000e+00	 5.7344e+04	 5.8797e-02	
 1.0000e+00	 5.7600e+04	 5.9612e-02	
 1.0000e+00	 5.7856e+04	 5.9275e-02	
 1.0000e+00	 5.8112e+04	 5.8875e-02	
 1.0000e+00	 5.8368e+04	 5.9215e-02	
 1.0000e+00	 5.8624e+04	 6.0687e-02	
 1.0000e+00	 5.8880e+04	 5.9457e-02	
 1.0000e+00	 5.9136e+04	 5.9430e-02	
 1.0000e+00	 5.9392e+04	 5.8906e-02	
 1.0000e+00	 5.9648e+04	 6.0245e-02	
 1.0000e+00	 5.9904e+04	 5.8494e-02	
 1.0000e+00	 6.0160e+04	 5.9848e-02	
 1.0000e+00	 6.0416e+04	 5.8823e-02	
 1.0000e+00	 6.0672e+04	 5.8665e-02	
 1.0000e+00	 6.0928e+04	 5.8666e-02	
 1.0000e+00	 6.1184e+04	 5.8191e-02	
 1.0000e+00	 6.1440e+04	 5.8812e-02	
 1.0000e+00	 6.1696e+04	 5.8287e-02	
 1.0000e+00	 6.1952e+04	 5.9370e-02	
 1.0000e+00	 6.2208e+04	 5.9814e-02	
 1.0000e+00	 6.2464e+04	 5.8312e-02	
 1.0000e+00	 6.2720e+04	 5.9123e-02	
 1.0000e+00	 6.2976e+04	 5.8619e-02	
 1.0000e+00	 6.3232e+04	 5.7563e-02	
 1.0000e+00	 6.3488e+04	 5.9140e-02	
 1.0000e+00	 6.3744e+04	 5.9522e-02	
 1.0000e+00	 6.4000e+04	 5.7161e-02	
 1.0000e+00	 6.4256e+04	 5.7774e-02	
 1.0000e+00	 6.4512e+04	 5.7192e-02	
 1.0000e+00	 6.4768e+04	 5.7009e-02	
 1.0000e+00	 6.5024e+04	 5.8011e-02	
 1.0000e+00	 6.5280e+04	 5.7979e-02	
 1.0000e+00	 6.5536e+04	 5.7238e-02	
 1.0000e+00	 6.5792e+04	 5.7529e-02	
 1.0000e+00	 6.6048e+04	 5.7170e-02	
 1.0000e+00	 6.6304e+04	 5.7312e-02	
 1.0000e+00	 6.6560e+04	 5.8095e-02	
 1.0000e+00	 6.6816e+04	 5.6749e-02	
 1.0000e+00	 6.7072e+04	 5.7024e-02	
 1.0000e+00	 6.7328e+04	 5.8640e-02	
 1.0000e+00	 6.7584e+04	 5.6635e-02	
 1.0000e+00	 6.7840e+04	 5.6693e-02	
 1.0000e+00	 6.8096e+04	 5.8362e-02	
 1.0000e+00	 6.8352e+04	 5.6537e-02	
 1.0000e+00	 6.8608e+04	 5.7227e-02	
 1.0000e+00	 6.8864e+04	 5.7506e-02	
 1.0000e+00	 6.9120e+04	 5.7085e-02	
 1.0000e+00	 6.9376e+04	 5.7313e-02	
 1.0000e+00	 6.9632e+04	 5.7262e-02	
 1.0000e+00	 6.9888e+04	 5.6554e-02	
 1.0000e+00	 7.0144e+04	 5.6608e-02	
 1.0000e+00	 7.0400e+04	 5.6865e-02	
 1.0000e+00	 7.0656e+04	 5.7784e-02	
 1.0000e+00	 7.0912e+04	 5.8039e-02	
 1.0000e+00	 7.1168e+04	 5.6976e-02	
 1.0000e+00	 7.1424e+04	 5.8101e-02	
 1.0000e+00	 7.1680e+04	 5.7221e-02	
 1.0000e+00	 7.1936e+04	 5.6468e-02	
 1.0000e+00	 7.2192e+04	 5.5905e-02	
 1.0000e+00	 7.2448e+04	 5.6535e-02	
 1.0000e+00	 7.2704e+04	 5.6770e-02	
 1.0000e+00	 7.2960e+04	 5.6668e-02	
 1.0000e+00	 7.3216e+04	 5.7283e-02	
 1.0000e+00	 7.3472e+04	 5.5705e-02	
 1.0000e+00	 7.3728e+04	 5.6203e-02	
 1.0000e+00	 7.3984e+04	 5.6343e-02	
 1.0000e+00	 7.4240e+04	 5.5801e-02	
 1.0000e+00	 7.4496e+04	 5.5452e-02	
 1.0000e+00	 7.4752e+04	 5.7139e-02	
 1.0000e+00	 7.5008e+04	 5.6350e-02	
 1.0000e+00	 7.5264e+04	 5.6185e-02	
 1.0000e+00	 7.5520e+04	 5.7166e-02	
 1.0000e+00	 7.5776e+04	 5.6105e-02	
 1.0000e+00	 7.6032e+04	 5.5422e-02	
 1.0000e+00	 7.6288e+04	 5.6506e-02	
 1.0000e+00	 7.6544e+04	 5.5575e-02	
 1.0000e+00	 7.6800e+04	 5.6572e-02	
 1.0000e+00	 7.7056e+04	 5.5255e-02	
 1.0000e+00	 7.7312e+04	 5.6744e-02	
 1.0000e+00	 7.7568e+04	 5.5597e-02	
 1.0000e+00	 7.7824e+04	 5.5648e-02	
 1.0000e+00	 7.8080e+04	 5.6506e-02	
 1.0000e+00	 7.8336e+04	 5.5343e-02	
 1.0000e+00	 7.8592e+04	 5.6223e-02	
 1.0000e+00	 7.8848e+04	 5.5400e-02	
 1.0000e+00	 7.9104e+04	 5.5235e-02	
 1.0000e+00	 7.9360e+04	 5.5967e-02	
 1.0000e+00	 7.9616e+04	 5.5053e-02	
 1.0000e+00	 7.9872e+04	 5.5705e-02	
 1.0000e+00	 8.0128e+04	 5.6088e-02	
 1.0000e+00	 8.0384e+04	 5.6360e-02	
 1.0000e+00	 8.0640e+04	 5.5583e-02	
 1.0000e+00	 8.0896e+04	 5.5632e-02	
 1.0000e+00	 8.1152e+04	 5.6039e-02	
 1.0000e+00	 8.1408e+04	 5.5284e-02	
 1.0000e+00	 8.1664e+04	 5.5276e-02	
 1.0000e+00	 8.1920e+04	 5.4619e-02	
 1.0000e+00	 8.2176e+04	 5.4844e-02	
 1.0000e+00	 8.2432e+04	 5.5884e-02	
 1.0000e+00	 8.2688e+04	 5.6122e-02	
 2.0000e+00	 2.5600e+02	 5.6530e-02	
 2.0000e+00	 5.1200e+02	 5.6129e-02	
 2.0000e+00	 7.6800e+02	 5.4558e-02	
 2.0000e+00	 1.0240e+03	 5.5465e-02	
 2.0000e+00	 1.2800e+03	 5.6392e-02	
 2.0000e+00	 1.5360e+03	 5.5250e-02	
 2.0000e+00	 1.7920e+03	 5.4893e-02	
 2.0000e+00	 2.0480e+03	 5.4756e-02	
 2.0000e+00	 2.3040e+03	 5.5819e-02	
 2.0000e+00	 2.5600e+03	 5.6656e-02	
 2.0000e+00	 2.8160e+03	 5.5187e-02	
 2.0000e+00	 3.0720e+03	 5.4967e-02	
 2.0000e+00	 3.3280e+03	 5.4851e-02	
 2.0000e+00	 3.5840e+03	 5.4437e-02	
 2.0000e+00	 3.8400e+03	 5.6303e-02	
 2.0000e+00	 4.0960e+03	 5.4474e-02	
 2.0000e+00	 4.3520e+03	 5.4332e-02	
 2.0000e+00	 4.6080e+03	 5.4768e-02	
 2.0000e+00	 4.8640e+03	 5.4648e-02	
 2.0000e+00	 5.1200e+03	 5.3921e-02	
 2.0000e+00	 5.3760e+03	 5.5702e-02	
 2.0000e+00	 5.6320e+03	 5.4994e-02	
 2.0000e+00	 5.8880e+03	 5.3587e-02	
 2.0000e+00	 6.1440e+03	 5.3094e-02	
 2.0000e+00	 6.4000e+03	 5.5088e-02	
 2.0000e+00	 6.6560e+03	 5.4036e-02	
 2.0000e+00	 6.9120e+03	 5.3068e-02	
 2.0000e+00	 7.1680e+03	 5.4545e-02	
 2.0000e+00	 7.4240e+03	 5.3040e-02	
 2.0000e+00	 7.6800e+03	 5.3431e-02	
 2.0000e+00	 7.9360e+03	 5.4172e-02	
 2.0000e+00	 8.1920e+03	 5.3743e-02	
 2.0000e+00	 8.4480e+03	 5.3737e-02	
 2.0000e+00	 8.7040e+03	 5.2983e-02	
 2.0000e+00	 8.9600e+03	 5.4732e-02	
 2.0000e+00	 9.2160e+03	 5.3633e-02	
 2.0000e+00	 9.4720e+03	 5.4243e-02	
 2.0000e+00	 9.7280e+03	 5.3739e-02	
 2.0000e+00	 9.9840e+03	 5.3732e-02	
 2.0000e+00	 1.0240e+04	 5.3909e-02	
 2.0000e+00	 1.0496e+04	 5.3989e-02	
 2.0000e+00	 1.0752e+04	 5.3542e-02	
 2.0000e+00	 1.1008e+04	 5.3618e-02	
 2.0000e+00	 1.1264e+04	 5.4296e-02	
 2.0000e+00	 1.1520e+04	 5.4963e-02	
 2.0000e+00	 1.1776e+04	 5.3253e-02	
 2.0000e+00	 1.2032e+04	 5.3655e-02	
 2.0000e+00	 1.2288e+04	 5.3220e-02	
 2.0000e+00	 1.2544e+04	 5.3712e-02	
 2.0000e+00	 1.2800e+04	 5.4473e-02	
 2.0000e+00	 1.3056e+04	 5.4880e-02	
 2.0000e+00	 1.3312e+04	 5.4536e-02	
 2.0000e+00	 1.3568e+04	 5.3392e-02	
 2.0000e+00	 1.3824e+04	 5.2865e-02	
 2.0000e+00	 1.4080e+04	 5.4449e-02	
 2.0000e+00	 1.4336e+04	 5.3308e-02	
 2.0000e+00	 1.4592e+04	 5.3224e-02	
 2.0000e+00	 1.4848e+04	 5.3051e-02	
 2.0000e+00	 1.5104e+04	 5.3186e-02	
 2.0000e+00	 1.5360e+04	 5.3255e-02	
 2.0000e+00	 1.5616e+04	 5.3110e-02	
 2.0000e+00	 1.5872e+04	 5.3079e-02	
 2.0000e+00	 1.6128e+04	 5.2634e-02	
 2.0000e+00	 1.6384e+04	 5.2686e-02	
 2.0000e+00	 1.6640e+04	 5.1908e-02	
 2.0000e+00	 1.6896e+04	 5.3930e-02	
 2.0000e+00	 1.7152e+04	 5.2140e-02	
 2.0000e+00	 1.7408e+04	 5.3222e-02	
 2.0000e+00	 1.7664e+04	 5.3438e-02	
 2.0000e+00	 1.7920e+04	 5.2594e-02	
 2.0000e+00	 1.8176e+04	 5.2740e-02	
 2.0000e+00	 1.8432e+04	 5.3147e-02	
 2.0000e+00	 1.8688e+04	 5.3244e-02	
 2.0000e+00	 1.8944e+04	 5.3582e-02	
 2.0000e+00	 1.9200e+04	 5.1878e-02	
 2.0000e+00	 1.9456e+04	 5.3356e-02	
 2.0000e+00	 1.9712e+04	 5.4170e-02	
 2.0000e+00	 1.9968e+04	 5.3163e-02	
 2.0000e+00	 2.0224e+04	 5.3079e-02	
 2.0000e+00	 2.0480e+04	 5.1985e-02	
 2.0000e+00	 2.0736e+04	 5.2430e-02	
 2.0000e+00	 2.0992e+04	 5.4731e-02	
 2.0000e+00	 2.1248e+04	 5.2431e-02	
 2.0000e+00	 2.1504e+04	 5.3223e-02	
 2.0000e+00	 2.1760e+04	 5.2417e-02	
 2.0000e+00	 2.2016e+04	 5.2512e-02	
 2.0000e+00	 2.2272e+04	 5.2125e-02	
 2.0000e+00	 2.2528e+04	 5.3851e-02	
 2.0000e+00	 2.2784e+04	 5.3195e-02	
 2.0000e+00	 2.3040e+04	 5.3004e-02	
 2.0000e+00	 2.3296e+04	 5.2021e-02	
 2.0000e+00	 2.3552e+04	 5.2727e-02	
 2.0000e+00	 2.3808e+04	 5.1979e-02	
 2.0000e+00	 2.4064e+04	 5.3059e-02	
 2.0000e+00	 2.4320e+04	 5.3746e-02	
 2.0000e+00	 2.4576e+04	 5.2988e-02	
 2.0000e+00	 2.4832e+04	 5.3519e-02	
 2.0000e+00	 2.5088e+04	 5.2810e-02	
 2.0000e+00	 2.5344e+04	 5.3530e-02	
 2.0000e+00	 2.5600e+04	 5.3198e-02	
 2.0000e+00	 2.5856e+04	 5.3556e-02	
 2.0000e+00	 2.6112e+04	 5.2341e-02	
 2.0000e+00	 2.6368e+04	 5.2317e-02	
 2.0000e+00	 2.6624e+04	 5.2598e-02	
 2.0000e+00	 2.6880e+04	 5.3937e-02	
 2.0000e+00	 2.7136e+04	 5.3825e-02	
 2.0000e+00	 2.7392e+04	 5.3047e-02	
 2.0000e+00	 2.7648e+04	 5.2253e-02	
 2.0000e+00	 2.7904e+04	 5.3742e-02	
 2.0000e+00	 2.8160e+04	 5.2617e-02	
 2.0000e+00	 2.8416e+04	 5.2716e-02	
 2.0000e+00	 2.8672e+04	 5.3364e-02	
 2.0000e+00	 2.8928e+04	 5.4152e-02	
 2.0000e+00	 2.9184e+04	 5.3265e-02	
 2.0000e+00	 2.9440e+04	 5.2795e-02	
 2.0000e+00	 2.9696e+04	 5.2348e-02	
 2.0000e+00	 2.9952e+04	 5.1948e-02	
 2.0000e+00	 3.0208e+04	 5.2501e-02	
 2.0000e+00	 3.0464e+04	 5.3472e-02	
 2.0000e+00	 3.0720e+04	 5.2387e-02	
 2.0000e+00	 3.0976e+04	 5.2736e-02	
 2.0000e+00	 3.1232e+04	 5.2241e-02	
 2.0000e+00	 3.1488e+04	 5.2891e-02	
 2.0000e+00	 3.1744e+04	 5.2498e-02	
 2.0000e+00	 3.2000e+04	 5.2439e-02	
 2.0000e+00	 3.2256e+04	 5.3039e-02	
 2.0000e+00	 3.2512e+04	 5.2153e-02	
 2.0000e+00	 3.2768e+04	 5.2215e-02	
 2.0000e+00	 3.3024e+04	 5.1663e-02	
 2.0000e+00	 3.3280e+04	 5.2129e-02	
 2.0000e+00	 3.3536e+04	 5.1906e-02	
 2.0000e+00	 3.3792e+04	 5.2296e-02	
 2.0000e+00	 3.4048e+04	 5.1154e-02	
 2.0000e+00	 3.4304e+04	 5.1882e-02	
 2.0000e+00	 3.4560e+04	 5.1044e-02	
 2.0000e+00	 3.4816e+04	 5.1840e-02	
 2.0000e+00	 3.5072e+04	 5.2823e-02	
 2.0000e+00	 3.5328e+04	 5.1921e-02	
 2.0000e+00	 3.5584e+04	 5.1965e-02	
 2.0000e+00	 3.5840e+04	 5.0672e-02	
 2.0000e+00	 3.6096e+04	 5.0808e-02	
 2.0000e+00	 3.6352e+04	 5.0920e-02	
 2.0000e+00	 3.6608e+04	 5.1013e-02	
 2.0000e+00	 3.6864e+04	 5.1715e-02	
 2.0000e+00	 3.7120e+04	 5.1186e-02	
 2.0000e+00	 3.7376e+04	 5.0765e-02	
 2.0000e+00	 3.7632e+04	 5.1494e-02	
 2.0000e+00	 3.7888e+04	 5.0902e-02	
 2.0000e+00	 3.8144e+04	 5.2185e-02	
 2.0000e+00	 3.8400e+04	 5.2272e-02	
 2.0000e+00	 3.8656e+04	 5.2079e-02	
 2.0000e+00	 3.8912e+04	 5.0907e-02	
 2.0000e+00	 3.9168e+04	 5.0740e-02	
 2.0000e+00	 3.9424e+04	 5.1334e-02	
 2.0000e+00	 3.9680e+04	 5.0633e-02	
 2.0000e+00	 3.9936e+04	 5.1532e-02	
 2.0000e+00	 4.0192e+04	 5.3501e-02	
 2.0000e+00	 4.0448e+04	 5.1573e-02	
 2.0000e+00	 4.0704e+04	 5.1141e-02	
 2.0000e+00	 4.0960e+04	 5.1162e-02	
 2.0000e+00	 4.1216e+04	 5.1896e-02	
 2.0000e+00	 4.1472e+04	 5.1223e-02	
 2.0000e+00	 4.1728e+04	 5.1149e-02	
 2.0000e+00	 4.1984e+04	 5.0559e-02	
 2.0000e+00	 4.2240e+04	 5.0825e-02	
 2.0000e+00	 4.2496e+04	 5.0964e-02	
 2.0000e+00	 4.2752e+04	 5.0942e-02	
 2.0000e+00	 4.3008e+04	 5.0900e-02	
 2.0000e+00	 4.3264e+04	 5.0514e-02	
 2.0000e+00	 4.3520e+04	 5.0837e-02	
 2.0000e+00	 4.3776e+04	 5.0427e-02	
 2.0000e+00	 4.4032e+04	 5.1443e-02	
 2.0000e+00	 4.4288e+04	 5.0622e-02	
 2.0000e+00	 4.4544e+04	 5.0786e-02	
 2.0000e+00	 4.4800e+04	 5.1598e-02	
 2.0000e+00	 4.5056e+04	 5.1868e-02	
 2.0000e+00	 4.5312e+04	 5.1264e-02	
 2.0000e+00	 4.5568e+04	 5.1649e-02	
 2.0000e+00	 4.5824e+04	 5.1344e-02	
 2.0000e+00	 4.6080e+04	 5.1453e-02	
 2.0000e+00	 4.6336e+04	 5.1605e-02	
 2.0000e+00	 4.6592e+04	 5.0813e-02	
 2.0000e+00	 4.6848e+04	 5.2117e-02	
 2.0000e+00	 4.7104e+04	 5.1017e-02	
 2.0000e+00	 4.7360e+04	 5.1093e-02	
 2.0000e+00	 4.7616e+04	 5.0633e-02	
 2.0000e+00	 4.7872e+04	 5.0291e-02	
 2.0000e+00	 4.8128e+04	 5.0837e-02	
 2.0000e+00	 4.8384e+04	 5.0886e-02	
 2.0000e+00	 4.8640e+04	 5.0953e-02	
 2.0000e+00	 4.8896e+04	 5.1527e-02	
 2.0000e+00	 4.9152e+04	 5.1631e-02	
 2.0000e+00	 4.9408e+04	 5.1270e-02	
 2.0000e+00	 4.9664e+04	 5.1359e-02	
 2.0000e+00	 4.9920e+04	 5.0282e-02	
 2.0000e+00	 5.0176e+04	 4.9983e-02	
 2.0000e+00	 5.0432e+04	 5.0612e-02	
 2.0000e+00	 5.0688e+04	 4.9533e-02	
 2.0000e+00	 5.0944e+04	 5.0082e-02	
 2.0000e+00	 5.1200e+04	 5.0544e-02	
 2.0000e+00	 5.1456e+04	 5.0765e-02	
 2.0000e+00	 5.1712e+04	 5.0592e-02	
 2.0000e+00	 5.1968e+04	 5.0466e-02	
 2.0000e+00	 5.2224e+04	 5.0860e-02	
 2.0000e+00	 5.2480e+04	 5.0312e-02	
 2.0000e+00	 5.2736e+04	 5.0513e-02	
 2.0000e+00	 5.2992e+04	 5.0300e-02	
 2.0000e+00	 5.3248e+04	 5.0325e-02	
 2.0000e+00	 5.3504e+04	 5.0666e-02	
 2.0000e+00	 5.3760e+04	 5.0862e-02	
 2.0000e+00	 5.4016e+04	 5.0264e-02	
 2.0000e+00	 5.4272e+04	 5.0708e-02	
 2.0000e+00	 5.4528e+04	 5.0573e-02	
 2.0000e+00	 5.4784e+04	 5.0042e-02	
 2.0000e+00	 5.5040e+04	 5.0461e-02	
 2.0000e+00	 5.5296e+04	 5.0855e-02	
 2.0000e+00	 5.5552e+04	 5.0543e-02	
 2.0000e+00	 5.5808e+04	 4.9974e-02	
 2.0000e+00	 5.6064e+04	 5.0993e-02	
 2.0000e+00	 5.6320e+04	 4.9812e-02	
 2.0000e+00	 5.6576e+04	 4.9458e-02	
 2.0000e+00	 5.6832e+04	 5.0241e-02	
 2.0000e+00	 5.7088e+04	 5.0427e-02	
 2.0000e+00	 5.7344e+04	 5.0194e-02	
 2.0000e+00	 5.7600e+04	 5.0740e-02	
 2.0000e+00	 5.7856e+04	 5.0427e-02	
 2.0000e+00	 5.8112e+04	 5.0178e-02	
 2.0000e+00	 5.8368e+04	 5.0603e-02	
 2.0000e+00	 5.8624e+04	 5.1500e-02	
 2.0000e+00	 5.8880e+04	 5.0572e-02	
 2.0000e+00	 5.9136e+04	 5.0585e-02	
 2.0000e+00	 5.9392e+04	 5.0478e-02	
 2.0000e+00	 5.9648e+04	 5.1508e-02	
 2.0000e+00	 5.9904e+04	 5.0208e-02	
 2.0000e+00	 6.0160e+04	 5.1255e-02	
 2.0000e+00	 6.0416e+04	 5.0257e-02	
 2.0000e+00	 6.0672e+04	 5.0358e-02	
 2.0000e+00	 6.0928e+04	 5.0440e-02	
 2.0000e+00	 6.1184e+04	 4.9956e-02	
 2.0000e+00	 6.1440e+04	 5.0456e-02	
 2.0000e+00	 6.1696e+04	 5.0096e-02	
 2.0000e+00	 6.1952e+04	 5.0797e-02	
 2.0000e+00	 6.2208e+04	 5.1109e-02	
 2.0000e+00	 6.2464e+04	 5.0418e-02	
 2.0000e+00	 6.2720e+04	 5.0695e-02	
 2.0000e+00	 6.2976e+04	 5.0668e-02	
 2.0000e+00	 6.3232e+04	 4.9915e-02	
 2.0000e+00	 6.3488e+04	 5.0966e-02	
 2.0000e+00	 6.3744e+04	 5.1365e-02	
 2.0000e+00	 6.4000e+04	 4.9654e-02	
 2.0000e+00	 6.4256e+04	 5.0089e-02	
 2.0000e+00	 6.4512e+04	 4.9678e-02	
 2.0000e+00	 6.4768e+04	 4.9576e-02	
 2.0000e+00	 6.5024e+04	 5.0393e-02	
 2.0000e+00	 6.5280e+04	 5.0506e-02	
 2.0000e+00	 6.5536e+04	 4.9801e-02	
 2.0000e+00	 6.5792e+04	 4.9987e-02	
 2.0000e+00	 6.6048e+04	 4.9722e-02	
 2.0000e+00	 6.6304e+04	 4.9919e-02	
 2.0000e+00	 6.6560e+04	 5.0698e-02	
 2.0000e+00	 6.6816e+04	 4.9900e-02	
 2.0000e+00	 6.7072e+04	 4.9981e-02	
 2.0000e+00	 6.7328e+04	 5.0961e-02	
 2.0000e+00	 6.7584e+04	 4.9726e-02	
 2.0000e+00	 6.7840e+04	 4.9876e-02	
 2.0000e+00	 6.8096e+04	 5.0816e-02	
 2.0000e+00	 6.8352e+04	 4.9655e-02	
 2.0000e+00	 6.8608e+04	 5.0307e-02	
 2.0000e+00	 6.8864e+04	 5.0232e-02	
 2.0000e+00	 6.9120e+04	 5.0195e-02	
 2.0000e+00	 6.9376e+04	 5.0170e-02	
 2.0000e+00	 6.9632e+04	 5.0360e-02	
 2.0000e+00	 6.9888e+04	 4.9840e-02	
 2.0000e+00	 7.0144e+04	 4.9727e-02	
 2.0000e+00	 7.0400e+04	 5.0120e-02	
 2.0000e+00	 7.0656e+04	 5.0572e-02	
 2.0000e+00	 7.0912e+04	 5.0747e-02	
 2.0000e+00	 7.1168e+04	 5.0304e-02	
 2.0000e+00	 7.1424e+04	 5.0909e-02	
 2.0000e+00	 7.1680e+04	 5.0530e-02	
 2.0000e+00	 7.1936e+04	 4.9851e-02	
 2.0000e+00	 7.2192e+04	 4.9522e-02	
 2.0000e+00	 7.2448e+04	 4.9826e-02	
 2.0000e+00	 7.2704e+04	 4.9937e-02	
 2.0000e+00	 7.2960e+04	 4.9970e-02	
 2.0000e+00	 7.3216e+04	 5.0660e-02	
 2.0000e+00	 7.3472e+04	 4.9202e-02	
 2.0000e+00	 7.3728e+04	 4.9693e-02	
 2.0000e+00	 7.3984e+04	 4.9872e-02	
 2.0000e+00	 7.4240e+04	 4.9383e-02	
 2.0000e+00	 7.4496e+04	 4.9208e-02	
 2.0000e+00	 7.4752e+04	 5.0727e-02	
 2.0000e+00	 7.5008e+04	 4.9833e-02	
 2.0000e+00	 7.5264e+04	 4.9857e-02	
 2.0000e+00	 7.5520e+04	 5.0657e-02	
 2.0000e+00	 7.5776e+04	 4.9660e-02	
 2.0000e+00	 7.6032e+04	 4.9268e-02	
 2.0000e+00	 7.6288e+04	 4.9975e-02	
 2.0000e+00	 7.6544e+04	 4.9327e-02	
 2.0000e+00	 7.6800e+04	 5.0219e-02	
 2.0000e+00	 7.7056e+04	 4.9209e-02	
 2.0000e+00	 7.7312e+04	 5.0218e-02	
 2.0000e+00	 7.7568e+04	 4.9449e-02	
 2.0000e+00	 7.7824e+04	 4.9442e-02	
 2.0000e+00	 7.8080e+04	 5.0376e-02	
 2.0000e+00	 7.8336e+04	 4.9602e-02	
 2.0000e+00	 7.8592e+04	 4.9988e-02	
 2.0000e+00	 7.8848e+04	 4.9446e-02	
 2.0000e+00	 7.9104e+04	 4.9338e-02	
 2.0000e+00	 7.9360e+04	 4.9761e-02	
 2.0000e+00	 7.9616e+04	 4.9237e-02	
 2.0000e+00	 7.9872e+04	 4.9663e-02	
 2.0000e+00	 8.0128e+04	 5.0052e-02	
 2.0000e+00	 8.0384e+04	 5.0139e-02	
 2.0000e+00	 8.0640e+04	 4.9792e-02	
 2.0000e+00	 8.0896e+04	 4.9742e-02	
 2.0000e+00	 8.1152e+04	 5.0113e-02	
 2.0000e+00	 8.1408e+04	 4.9560e-02	
 2.0000e+00	 8.1664e+04	 4.9499e-02	
 2.0000e+00	 8.1920e+04	 4.9136e-02	
 2.0000e+00	 8.2176e+04	 4.9278e-02	
 2.0000e+00	 8.2432e+04	 4.9988e-02	
 2.0000e+00	 8.2688e+04	 5.0226e-02	
 3.0000e+00	 2.5600e+02	 5.0405e-02	
 3.0000e+00	 5.1200e+02	 5.0308e-02	
 3.0000e+00	 7.6800e+02	 4.9111e-02	
 3.0000e+00	 1.0240e+03	 4.9919e-02	
 3.0000e+00	 1.2800e+03	 5.0517e-02	
 3.0000e+00	 1.5360e+03	 4.9636e-02	
 3.0000e+00	 1.7920e+03	 4.9385e-02	
 3.0000e+00	 2.0480e+03	 4.9422e-02	
 3.0000e+00	 2.3040e+03	 5.0194e-02	
 3.0000e+00	 2.5600e+03	 5.0895e-02	
 3.0000e+00	 2.8160e+03	 4.9848e-02	
 3.0000e+00	 3.0720e+03	 4.9655e-02	
 3.0000e+00	 3.3280e+03	 4.9592e-02	
 3.0000e+00	 3.5840e+03	 4.9142e-02	
 3.0000e+00	 3.8400e+03	 5.0889e-02	
 3.0000e+00	 4.0960e+03	 4.9262e-02	
 3.0000e+00	 4.3520e+03	 4.9202e-02	
 3.0000e+00	 4.6080e+03	 4.9401e-02	
 3.0000e+00	 4.8640e+03	 4.9442e-02	
 3.0000e+00	 5.1200e+03	 4.8869e-02	
 3.0000e+00	 5.3760e+03	 5.0475e-02	
 3.0000e+00	 5.6320e+03	 4.9662e-02	
 3.0000e+00	 5.8880e+03	 4.8721e-02	
 3.0000e+00	 6.1440e+03	 4.8305e-02	
 3.0000e+00	 6.4000e+03	 4.9872e-02	
 3.0000e+00	 6.6560e+03	 4.9070e-02	
 3.0000e+00	 6.9120e+03	 4.8275e-02	
 3.0000e+00	 7.1680e+03	 4.9249e-02	
 3.0000e+00	 7.4240e+03	 4.8411e-02	
 3.0000e+00	 7.6800e+03	 4.8586e-02	
 3.0000e+00	 7.9360e+03	 4.9232e-02	
 3.0000e+00	 8.1920e+03	 4.8919e-02	
 3.0000e+00	 8.4480e+03	 4.8933e-02	
 3.0000e+00	 8.7040e+03	 4.8372e-02	
 3.0000e+00	 8.9600e+03	 4.9610e-02	
 3.0000e+00	 9.2160e+03	 4.8785e-02	
 3.0000e+00	 9.4720e+03	 4.9358e-02	
 3.0000e+00	 9.7280e+03	 4.8903e-02	
 3.0000e+00	 9.9840e+03	 4.8906e-02	
 3.0000e+00	 1.0240e+04	 4.9073e-02	
 3.0000e+00	 1.0496e+04	 4.9093e-02	
 3.0000e+00	 1.0752e+04	 4.8861e-02	
 3.0000e+00	 1.1008e+04	 4.8875e-02	
 3.0000e+00	 1.1264e+04	 4.9403e-02	
 3.0000e+00	 1.1520e+04	 4.9934e-02	
 3.0000e+00	 1.1776e+04	 4.8604e-02	
 3.0000e+00	 1.2032e+04	 4.8940e-02	
 3.0000e+00	 1.2288e+04	 4.8691e-02	
 3.0000e+00	 1.2544e+04	 4.9010e-02	
 3.0000e+00	 1.2800e+04	 4.9623e-02	
 3.0000e+00	 1.3056e+04	 4.9963e-02	
 3.0000e+00	 1.3312e+04	 4.9703e-02	
 3.0000e+00	 1.3568e+04	 4.8878e-02	
 3.0000e+00	 1.3824e+04	 4.8492e-02	
 3.0000e+00	 1.4080e+04	 4.9611e-02	
 3.0000e+00	 1.4336e+04	 4.8912e-02	
 3.0000e+00	 1.4592e+04	 4.8780e-02	
 3.0000e+00	 1.4848e+04	 4.8721e-02	
 3.0000e+00	 1.5104e+04	 4.8706e-02	
 3.0000e+00	 1.5360e+04	 4.8912e-02	
 3.0000e+00	 1.5616e+04	 4.8761e-02	
 3.0000e+00	 1.5872e+04	 4.8656e-02	
 3.0000e+00	 1.6128e+04	 4.8359e-02	
 3.0000e+00	 1.6384e+04	 4.8401e-02	
 3.0000e+00	 1.6640e+04	 4.7873e-02	
 3.0000e+00	 1.6896e+04	 4.9307e-02	
 3.0000e+00	 1.7152e+04	 4.8135e-02	
 3.0000e+00	 1.7408e+04	 4.8775e-02	
 3.0000e+00	 1.7664e+04	 4.8988e-02	
 3.0000e+00	 1.7920e+04	 4.8306e-02	
 3.0000e+00	 1.8176e+04	 4.8435e-02	
 3.0000e+00	 1.8432e+04	 4.8907e-02	
 3.0000e+00	 1.8688e+04	 4.8784e-02	
 3.0000e+00	 1.8944e+04	 4.9132e-02	
 3.0000e+00	 1.9200e+04	 4.7961e-02	
 3.0000e+00	 1.9456e+04	 4.8899e-02	
 3.0000e+00	 1.9712e+04	 4.9744e-02	
 3.0000e+00	 1.9968e+04	 4.8939e-02	
 3.0000e+00	 2.0224e+04	 4.8826e-02	
 3.0000e+00	 2.0480e+04	 4.8091e-02	
 3.0000e+00	 2.0736e+04	 4.8318e-02	
 3.0000e+00	 2.0992e+04	 4.9966e-02	
 3.0000e+00	 2.1248e+04	 4.8320e-02	
 3.0000e+00	 2.1504e+04	 4.8931e-02	
 3.0000e+00	 2.1760e+04	 4.8494e-02	
 3.0000e+00	 2.2016e+04	 4.8599e-02	
 3.0000e+00	 2.2272e+04	 4.8110e-02	
 3.0000e+00	 2.2528e+04	 4.9423e-02	
 3.0000e+00	 2.2784e+04	 4.8832e-02	
 3.0000e+00	 2.3040e+04	 4.8723e-02	
 3.0000e+00	 2.3296e+04	 4.8069e-02	
 3.0000e+00	 2.3552e+04	 4.8469e-02	
 3.0000e+00	 2.3808e+04	 4.8169e-02	
 3.0000e+00	 2.4064e+04	 4.8878e-02	
 3.0000e+00	 2.4320e+04	 4.9699e-02	
 3.0000e+00	 2.4576e+04	 4.8893e-02	
 3.0000e+00	 2.4832e+04	 4.9169e-02	
 3.0000e+00	 2.5088e+04	 4.8836e-02	
 3.0000e+00	 2.5344e+04	 4.9265e-02	
 3.0000e+00	 2.5600e+04	 4.9081e-02	
 3.0000e+00	 2.5856e+04	 4.9375e-02	
 3.0000e+00	 2.6112e+04	 4.8536e-02	
 3.0000e+00	 2.6368e+04	 4.8401e-02	
 3.0000e+00	 2.6624e+04	 4.8632e-02	
 3.0000e+00	 2.6880e+04	 4.9596e-02	
 3.0000e+00	 2.7136e+04	 4.9897e-02	
 3.0000e+00	 2.7392e+04	 4.8990e-02	
 3.0000e+00	 2.7648e+04	 4.8423e-02	
 3.0000e+00	 2.7904e+04	 4.9570e-02	
 3.0000e+00	 2.8160e+04	 4.8771e-02	
 3.0000e+00	 2.8416e+04	 4.8933e-02	
 3.0000e+00	 2.8672e+04	 4.9300e-02	
 3.0000e+00	 2.8928e+04	 4.9931e-02	
 3.0000e+00	 2.9184e+04	 4.9188e-02	
 3.0000e+00	 2.9440e+04	 4.9007e-02	
 3.0000e+00	 2.9696e+04	 4.8687e-02	
 3.0000e+00	 2.9952e+04	 4.8314e-02	
 3.0000e+00	 3.0208e+04	 4.8758e-02	
 3.0000e+00	 3.0464e+04	 4.9576e-02	
 3.0000e+00	 3.0720e+04	 4.8730e-02	
 3.0000e+00	 3.0976e+04	 4.8906e-02	
 3.0000e+00	 3.1232e+04	 4.8590e-02	
 3.0000e+00	 3.1488e+04	 4.9083e-02	
 3.0000e+00	 3.1744e+04	 4.8707e-02	
 3.0000e+00	 3.2000e+04	 4.8710e-02	
 3.0000e+00	 3.2256e+04	 4.9302e-02	
 3.0000e+00	 3.2512e+04	 4.8637e-02	
 3.0000e+00	 3.2768e+04	 4.8640e-02	
 3.0000e+00	 3.3024e+04	 4.8174e-02	
 3.0000e+00	 3.3280e+04	 4.8570e-02	
 3.0000e+00	 3.3536e+04	 4.8456e-02	
 3.0000e+00	 3.3792e+04	 4.8633e-02	
 3.0000e+00	 3.4048e+04	 4.7879e-02	
 3.0000e+00	 3.4304e+04	 4.8400e-02	
 3.0000e+00	 3.4560e+04	 4.7692e-02	
 3.0000e+00	 3.4816e+04	 4.8193e-02	
 3.0000e+00	 3.5072e+04	 4.9005e-02	
 3.0000e+00	 3.5328e+04	 4.8414e-02	
 3.0000e+00	 3.5584e+04	 4.8413e-02	
 3.0000e+00	 3.5840e+04	 4.7380e-02	
 3.0000e+00	 3.6096e+04	 4.7615e-02	
 3.0000e+00	 3.6352e+04	 4.7740e-02	
 3.0000e+00	 3.6608e+04	 4.7709e-02	
 3.0000e+00	 3.6864e+04	 4.8361e-02	
 3.0000e+00	 3.7120e+04	 4.7869e-02	
 3.0000e+00	 3.7376e+04	 4.7571e-02	
 3.0000e+00	 3.7632e+04	 4.8148e-02	
 3.0000e+00	 3.7888e+04	 4.7672e-02	
 3.0000e+00	 3.8144e+04	 4.8676e-02	
 3.0000e+00	 3.8400e+04	 4.8768e-02	
 3.0000e+00	 3.8656e+04	 4.8694e-02	
 3.0000e+00	 3.8912e+04	 4.7675e-02	
 3.0000e+00	 3.9168e+04	 4.7479e-02	
 3.0000e+00	 3.9424e+04	 4.8069e-02	
 3.0000e+00	 3.9680e+04	 4.7486e-02	
 3.0000e+00	 3.9936e+04	 4.8192e-02	
 3.0000e+00	 4.0192e+04	 4.9891e-02	
 3.0000e+00	 4.0448e+04	 4.8303e-02	
 3.0000e+00	 4.0704e+04	 4.7940e-02	
 3.0000e+00	 4.0960e+04	 4.7957e-02	
 3.0000e+00	 4.1216e+04	 4.8597e-02	
 3.0000e+00	 4.1472e+04	 4.8139e-02	
 3.0000e+00	 4.1728e+04	 4.7936e-02	
 3.0000e+00	 4.1984e+04	 4.7456e-02	
 3.0000e+00	 4.2240e+04	 4.7751e-02	
 3.0000e+00	 4.2496e+04	 4.7863e-02	
 3.0000e+00	 4.2752e+04	 4.7851e-02	
 3.0000e+00	 4.3008e+04	 4.7772e-02	
 3.0000e+00	 4.3264e+04	 4.7404e-02	
 3.0000e+00	 4.3520e+04	 4.7861e-02	
 3.0000e+00	 4.3776e+04	 4.7360e-02	
 3.0000e+00	 4.4032e+04	 4.8276e-02	
 3.0000e+00	 4.4288e+04	 4.7618e-02	
 3.0000e+00	 4.4544e+04	 4.7682e-02	
 3.0000e+00	 4.4800e+04	 4.8370e-02	
 3.0000e+00	 4.5056e+04	 4.8706e-02	
 3.0000e+00	 4.5312e+04	 4.8193e-02	
 3.0000e+00	 4.5568e+04	 4.8375e-02	
 3.0000e+00	 4.5824e+04	 4.8193e-02	
 3.0000e+00	 4.6080e+04	 4.8322e-02	
 3.0000e+00	 4.6336e+04	 4.8467e-02	
 3.0000e+00	 4.6592e+04	 4.7755e-02	
 3.0000e+00	 4.6848e+04	 4.8862e-02	
 3.0000e+00	 4.7104e+04	 4.7973e-02	
 3.0000e+00	 4.7360e+04	 4.8102e-02	
 3.0000e+00	 4.7616e+04	 4.7640e-02	
 3.0000e+00	 4.7872e+04	 4.7398e-02	
 3.0000e+00	 4.8128e+04	 4.7832e-02	
 3.0000e+00	 4.8384e+04	 4.7885e-02	
 3.0000e+00	 4.8640e+04	 4.7864e-02	
 3.0000e+00	 4.8896e+04	 4.8529e-02	
 3.0000e+00	 4.9152e+04	 4.8546e-02	
 3.0000e+00	 4.9408e+04	 4.8351e-02	
 3.0000e+00	 4.9664e+04	 4.8247e-02	
 3.0000e+00	 4.9920e+04	 4.7457e-02	
 3.0000e+00	 5.0176e+04	 4.7177e-02	
 3.0000e+00	 5.0432e+04	 4.7646e-02	
 3.0000e+00	 5.0688e+04	 4.6942e-02	
 3.0000e+00	 5.0944e+04	 4.7244e-02	
 3.0000e+00	 5.1200e+04	 4.7639e-02	
 3.0000e+00	 5.1456e+04	 4.7816e-02	
 3.0000e+00	 5.1712e+04	 4.7731e-02	
 3.0000e+00	 5.1968e+04	 4.7712e-02	
 3.0000e+00	 5.2224e+04	 4.7843e-02	
 3.0000e+00	 5.2480e+04	 4.7505e-02	
 3.0000e+00	 5.2736e+04	 4.7590e-02	
 3.0000e+00	 5.2992e+04	 4.7516e-02	
 3.0000e+00	 5.3248e+04	 4.7486e-02	
 3.0000e+00	 5.3504e+04	 4.7806e-02	
 3.0000e+00	 5.3760e+04	 4.8014e-02	
 3.0000e+00	 5.4016e+04	 4.7394e-02	
 3.0000e+00	 5.4272e+04	 4.7810e-02	
 3.0000e+00	 5.4528e+04	 4.7729e-02	
 3.0000e+00	 5.4784e+04	 4.7363e-02	
 3.0000e+00	 5.5040e+04	 4.7643e-02	
 3.0000e+00	 5.5296e+04	 4.7988e-02	
 3.0000e+00	 5.5552e+04	 4.7693e-02	
 3.0000e+00	 5.5808e+04	 4.7384e-02	
 3.0000e+00	 5.6064e+04	 4.8166e-02	
 3.0000e+00	 5.6320e+04	 4.7112e-02	
 3.0000e+00	 5.6576e+04	 4.6840e-02	
 3.0000e+00	 5.6832e+04	 4.7382e-02	
 3.0000e+00	 5.7088e+04	 4.7579e-02	
 3.0000e+00	 5.7344e+04	 4.7490e-02	
 3.0000e+00	 5.7600e+04	 4.7948e-02	
 3.0000e+00	 5.7856e+04	 4.7669e-02	
 3.0000e+00	 5.8112e+04	 4.7493e-02	
 3.0000e+00	 5.8368e+04	 4.7873e-02	
 3.0000e+00	 5.8624e+04	 4.8579e-02	
 3.0000e+00	 5.8880e+04	 4.7813e-02	
 3.0000e+00	 5.9136e+04	 4.7815e-02	
 3.0000e+00	 5.9392e+04	 4.7785e-02	
 3.0000e+00	 5.9648e+04	 4.8615e-02	
 3.0000e+00	 5.9904e+04	 4.7557e-02	
 3.0000e+00	 6.0160e+04	 4.8467e-02	
 3.0000e+00	 6.0416e+04	 4.7573e-02	
 3.0000e+00	 6.0672e+04	 4.7720e-02	
 3.0000e+00	 6.0928e+04	 4.7787e-02	
 3.0000e+00	 6.1184e+04	 4.7336e-02	
 3.0000e+00	 6.1440e+04	 4.7723e-02	
 3.0000e+00	 6.1696e+04	 4.7442e-02	
 3.0000e+00	 6.1952e+04	 4.7995e-02	
 3.0000e+00	 6.2208e+04	 4.8254e-02	
 3.0000e+00	 6.2464e+04	 4.7834e-02	
 3.0000e+00	 6.2720e+04	 4.7932e-02	
 3.0000e+00	 6.2976e+04	 4.8053e-02	
 3.0000e+00	 6.3232e+04	 4.7431e-02	
 3.0000e+00	 6.3488e+04	 4.8243e-02	
 3.0000e+00	 6.3744e+04	 4.8607e-02	
 3.0000e+00	 6.4000e+04	 4.7222e-02	
 3.0000e+00	 6.4256e+04	 4.7568e-02	
 3.0000e+00	 6.4512e+04	 4.7230e-02	
 3.0000e+00	 6.4768e+04	 4.7125e-02	
 3.0000e+00	 6.5024e+04	 4.7850e-02	
 3.0000e+00	 6.5280e+04	 4.7956e-02	
 3.0000e+00	 6.5536e+04	 4.7355e-02	
 3.0000e+00	 6.5792e+04	 4.7480e-02	
 3.0000e+00	 6.6048e+04	 4.7273e-02	
 3.0000e+00	 6.6304e+04	 4.7441e-02	
 3.0000e+00	 6.6560e+04	 4.8159e-02	
 3.0000e+00	 6.6816e+04	 4.7580e-02	
 3.0000e+00	 6.7072e+04	 4.7594e-02	
 3.0000e+00	 6.7328e+04	 4.8327e-02	
 3.0000e+00	 6.7584e+04	 4.7406e-02	
 3.0000e+00	 6.7840e+04	 4.7536e-02	
 3.0000e+00	 6.8096e+04	 4.8218e-02	
 3.0000e+00	 6.8352e+04	 4.7335e-02	
 3.0000e+00	 6.8608e+04	 4.7894e-02	
 3.0000e+00	 6.8864e+04	 4.7729e-02	
 3.0000e+00	 6.9120e+04	 4.7805e-02	
 3.0000e+00	 6.9376e+04	 4.7678e-02	
 3.0000e+00	 6.9632e+04	 4.7919e-02	
 3.0000e+00	 6.9888e+04	 4.7487e-02	
 3.0000e+00	 7.0144e+04	 4.7375e-02	
 3.0000e+00	 7.0400e+04	 4.7757e-02	
 3.0000e+00	 7.0656e+04	 4.8025e-02	
 3.0000e+00	 7.0912e+04	 4.8152e-02	
 3.0000e+00	 7.1168e+04	 4.7947e-02	
 3.0000e+00	 7.1424e+04	 4.8334e-02	
 3.0000e+00	 7.1680e+04	 4.8161e-02	
 3.0000e+00	 7.1936e+04	 4.7536e-02	
 3.0000e+00	 7.2192e+04	 4.7271e-02	
 3.0000e+00	 7.2448e+04	 4.7458e-02	
 3.0000e+00	 7.2704e+04	 4.7519e-02	
 3.0000e+00	 7.2960e+04	 4.7569e-02	
 3.0000e+00	 7.3216e+04	 4.8215e-02	
 3.0000e+00	 7.3472e+04	 4.6899e-02	
 3.0000e+00	 7.3728e+04	 4.7372e-02	
 3.0000e+00	 7.3984e+04	 4.7518e-02	
 3.0000e+00	 7.4240e+04	 4.7077e-02	
 3.0000e+00	 7.4496e+04	 4.6992e-02	
 3.0000e+00	 7.4752e+04	 4.8309e-02	
 3.0000e+00	 7.5008e+04	 4.7482e-02	
 3.0000e+00	 7.5264e+04	 4.7556e-02	
 3.0000e+00	 7.5520e+04	 4.8244e-02	
 3.0000e+00	 7.5776e+04	 4.7318e-02	
 3.0000e+00	 7.6032e+04	 4.7032e-02	
 3.0000e+00	 7.6288e+04	 4.7598e-02	
 3.0000e+00	 7.6544e+04	 4.7070e-02	
 3.0000e+00	 7.6800e+04	 4.7868e-02	
 3.0000e+00	 7.7056e+04	 4.7022e-02	
 3.0000e+00	 7.7312e+04	 4.7804e-02	
 3.0000e+00	 7.7568e+04	 4.7202e-02	
 3.0000e+00	 7.7824e+04	 4.7175e-02	
 3.0000e+00	 7.8080e+04	 4.8060e-02	
 3.0000e+00	 7.8336e+04	 4.7420e-02	
 3.0000e+00	 7.8592e+04	 4.7682e-02	
 3.0000e+00	 7.8848e+04	 4.7254e-02	
 3.0000e+00	 7.9104e+04	 4.7179e-02	
 3.0000e+00	 7.9360e+04	 4.7461e-02	
 3.0000e+00	 7.9616e+04	 4.7084e-02	
 3.0000e+00	 7.9872e+04	 4.7421e-02	
 3.0000e+00	 8.0128e+04	 4.7755e-02	
 3.0000e+00	 8.0384e+04	 4.7768e-02	
 3.0000e+00	 8.0640e+04	 4.7590e-02	
 3.0000e+00	 8.0896e+04	 4.7513e-02	
 3.0000e+00	 8.1152e+04	 4.7843e-02	
 3.0000e+00	 8.1408e+04	 4.7410e-02	
 3.0000e+00	 8.1664e+04	 4.7340e-02	
 3.0000e+00	 8.1920e+04	 4.7078e-02	
 3.0000e+00	 8.2176e+04	 4.7195e-02	
 3.0000e+00	 8.2432e+04	 4.7718e-02	
 3.0000e+00	 8.2688e+04	 4.7942e-02	
 4.0000e+00	 2.5600e+02	 4.8031e-02	
 4.0000e+00	 5.1200e+02	 4.8043e-02	
 4.0000e+00	 7.6800e+02	 4.7060e-02	
 4.0000e+00	 1.0240e+03	 4.7789e-02	
 4.0000e+00	 1.2800e+03	 4.8185e-02	
 4.0000e+00	 1.5360e+03	 4.7457e-02	
 4.0000e+00	 1.7920e+03	 4.7275e-02	
 4.0000e+00	 2.0480e+03	 4.7364e-02	
 4.0000e+00	 2.3040e+03	 4.7976e-02	
 4.0000e+00	 2.5600e+03	 4.8530e-02	
 4.0000e+00	 2.8160e+03	 4.7747e-02	
 4.0000e+00	 3.0720e+03	 4.7548e-02	
 4.0000e+00	 3.3280e+03	 4.7500e-02	
 4.0000e+00	 3.5840e+03	 4.7069e-02	
 4.0000e+00	 3.8400e+03	 4.8664e-02	
 4.0000e+00	 4.0960e+03	 4.7252e-02	
 4.0000e+00	 4.3520e+03	 4.7214e-02	
 4.0000e+00	 4.6080e+03	 4.7291e-02	
 4.0000e+00	 4.8640e+03	 4.7380e-02	
 4.0000e+00	 5.1200e+03	 4.6859e-02	
 4.0000e+00	 5.3760e+03	 4.8316e-02	
 4.0000e+00	 5.6320e+03	 4.7514e-02	
 4.0000e+00	 5.8880e+03	 4.6804e-02	
 4.0000e+00	 6.1440e+03	 4.6445e-02	
 4.0000e+00	 6.4000e+03	 4.7730e-02	
 4.0000e+00	 6.6560e+03	 4.7067e-02	
 4.0000e+00	 6.9120e+03	 4.6383e-02	
 4.0000e+00	 7.1680e+03	 4.7121e-02	
 4.0000e+00	 7.4240e+03	 4.6546e-02	
 4.0000e+00	 7.6800e+03	 4.6659e-02	
 4.0000e+00	 7.9360e+03	 4.7221e-02	
 4.0000e+00	 8.1920e+03	 4.6966e-02	
 4.0000e+00	 8.4480e+03	 4.6982e-02	
 4.0000e+00	 8.7040e+03	 4.6504e-02	
 4.0000e+00	 8.9600e+03	 4.7507e-02	
 4.0000e+00	 9.2160e+03	 4.6842e-02	
 4.0000e+00	 9.4720e+03	 4.7342e-02	
 4.0000e+00	 9.7280e+03	 4.6944e-02	
 4.0000e+00	 9.9840e+03	 4.6926e-02	
 4.0000e+00	 1.0240e+04	 4.7073e-02	
 4.0000e+00	 1.0496e+04	 4.7080e-02	
 4.0000e+00	 1.0752e+04	 4.6953e-02	
 4.0000e+00	 1.1008e+04	 4.6954e-02	
 4.0000e+00	 1.1264e+04	 4.7371e-02	
 4.0000e+00	 1.1520e+04	 4.7834e-02	
 4.0000e+00	 1.1776e+04	 4.6714e-02	
 4.0000e+00	 1.2032e+04	 4.7003e-02	
 4.0000e+00	 1.2288e+04	 4.6819e-02	
 4.0000e+00	 1.2544e+04	 4.7061e-02	
 4.0000e+00	 1.2800e+04	 4.7596e-02	
 4.0000e+00	 1.3056e+04	 4.7884e-02	
 4.0000e+00	 1.3312e+04	 4.7692e-02	
 4.0000e+00	 1.3568e+04	 4.7000e-02	
 4.0000e+00	 1.3824e+04	 4.6725e-02	
 4.0000e+00	 1.4080e+04	 4.7598e-02	
 4.0000e+00	 1.4336e+04	 4.7097e-02	
 4.0000e+00	 1.4592e+04	 4.6951e-02	
 4.0000e+00	 1.4848e+04	 4.6926e-02	
 4.0000e+00	 1.5104e+04	 4.6827e-02	
 4.0000e+00	 1.5360e+04	 4.7062e-02	
 4.0000e+00	 1.5616e+04	 4.6937e-02	
 4.0000e+00	 1.5872e+04	 4.6799e-02	
 4.0000e+00	 1.6128e+04	 4.6593e-02	
 4.0000e+00	 1.6384e+04	 4.6614e-02	
 4.0000e+00	 1.6640e+04	 4.6192e-02	
 4.0000e+00	 1.6896e+04	 4.7324e-02	
 4.0000e+00	 1.7152e+04	 4.6432e-02	
 4.0000e+00	 1.7408e+04	 4.6898e-02	
 4.0000e+00	 1.7664e+04	 4.7093e-02	
 4.0000e+00	 1.7920e+04	 4.6472e-02	
 4.0000e+00	 1.8176e+04	 4.6593e-02	
 4.0000e+00	 1.8432e+04	 4.7083e-02	
 4.0000e+00	 1.8688e+04	 4.6885e-02	
 4.0000e+00	 1.8944e+04	 4.7199e-02	
 4.0000e+00	 1.9200e+04	 4.6301e-02	
 4.0000e+00	 1.9456e+04	 4.6974e-02	
 4.0000e+00	 1.9712e+04	 4.7781e-02	
 4.0000e+00	 1.9968e+04	 4.7107e-02	
 4.0000e+00	 2.0224e+04	 4.6979e-02	
 4.0000e+00	 2.0480e+04	 4.6405e-02	
 4.0000e+00	 2.0736e+04	 4.6556e-02	
 4.0000e+00	 2.0992e+04	 4.7877e-02	
 4.0000e+00	 2.1248e+04	 4.6565e-02	
 4.0000e+00	 2.1504e+04	 4.7073e-02	
 4.0000e+00	 2.1760e+04	 4.6804e-02	
 4.0000e+00	 2.2016e+04	 4.6909e-02	
 4.0000e+00	 2.2272e+04	 4.6386e-02	
 4.0000e+00	 2.2528e+04	 4.7461e-02	
 4.0000e+00	 2.2784e+04	 4.6909e-02	
 4.0000e+00	 2.3040e+04	 4.6865e-02	
 4.0000e+00	 2.3296e+04	 4.6360e-02	
 4.0000e+00	 2.3552e+04	 4.6614e-02	
 4.0000e+00	 2.3808e+04	 4.6488e-02	
 4.0000e+00	 2.4064e+04	 4.7025e-02	
 4.0000e+00	 2.4320e+04	 4.7852e-02	
 4.0000e+00	 2.4576e+04	 4.7068e-02	
 4.0000e+00	 2.4832e+04	 4.7237e-02	
 4.0000e+00	 2.5088e+04	 4.7070e-02	
 4.0000e+00	 2.5344e+04	 4.7376e-02	
 4.0000e+00	 2.5600e+04	 4.7242e-02	
 4.0000e+00	 2.5856e+04	 4.7484e-02	
 4.0000e+00	 2.6112e+04	 4.6856e-02	
 4.0000e+00	 2.6368e+04	 4.6668e-02	
 4.0000e+00	 2.6624e+04	 4.6863e-02	
 4.0000e+00	 2.6880e+04	 4.7618e-02	
 4.0000e+00	 2.7136e+04	 4.8081e-02	
 4.0000e+00	 2.7392e+04	 4.7148e-02	
 4.0000e+00	 2.7648e+04	 4.6724e-02	
 4.0000e+00	 2.7904e+04	 4.7668e-02	
 4.0000e+00	 2.8160e+04	 4.7021e-02	
 4.0000e+00	 2.8416e+04	 4.7205e-02	
 4.0000e+00	 2.8672e+04	 4.7446e-02	
 4.0000e+00	 2.8928e+04	 4.7983e-02	
 4.0000e+00	 2.9184e+04	 4.7323e-02	
 4.0000e+00	 2.9440e+04	 4.7268e-02	
 4.0000e+00	 2.9696e+04	 4.7009e-02	
 4.0000e+00	 2.9952e+04	 4.6672e-02	
 4.0000e+00	 3.0208e+04	 4.7065e-02	
 4.0000e+00	 3.0464e+04	 4.7766e-02	
 4.0000e+00	 3.0720e+04	 4.7058e-02	
 4.0000e+00	 3.0976e+04	 4.7163e-02	
 4.0000e+00	 3.1232e+04	 4.6924e-02	
 4.0000e+00	 3.1488e+04	 4.7328e-02	
 4.0000e+00	 3.1744e+04	 4.6993e-02	
 4.0000e+00	 3.2000e+04	 4.7011e-02	
 4.0000e+00	 3.2256e+04	 4.7567e-02	
 4.0000e+00	 3.2512e+04	 4.7029e-02	
 4.0000e+00	 3.2768e+04	 4.6998e-02	
 4.0000e+00	 3.3024e+04	 4.6575e-02	
 4.0000e+00	 3.3280e+04	 4.6921e-02	
 4.0000e+00	 3.3536e+04	 4.6863e-02	
 4.0000e+00	 3.3792e+04	 4.6923e-02	
 4.0000e+00	 3.4048e+04	 4.6370e-02	
 4.0000e+00	 3.4304e+04	 4.6769e-02	
 4.0000e+00	 3.4560e+04	 4.6169e-02	
 4.0000e+00	 3.4816e+04	 4.6535e-02	
 4.0000e+00	 3.5072e+04	 4.7214e-02	
 4.0000e+00	 3.5328e+04	 4.6773e-02	
 4.0000e+00	 3.5584e+04	 4.6755e-02	
 4.0000e+00	 3.5840e+04	 4.5864e-02	
 4.0000e+00	 3.6096e+04	 4.6150e-02	
 4.0000e+00	 3.6352e+04	 4.6262e-02	
 4.0000e+00	 3.6608e+04	 4.6174e-02	
 4.0000e+00	 3.6864e+04	 4.6769e-02	
 4.0000e+00	 3.7120e+04	 4.6328e-02	
 4.0000e+00	 3.7376e+04	 4.6086e-02	
 4.0000e+00	 3.7632e+04	 4.6577e-02	
 4.0000e+00	 3.7888e+04	 4.6173e-02	
 4.0000e+00	 3.8144e+04	 4.7022e-02	
 4.0000e+00	 3.8400e+04	 4.7093e-02	
 4.0000e+00	 3.8656e+04	 4.7073e-02	
 4.0000e+00	 3.8912e+04	 4.6172e-02	
 4.0000e+00	 3.9168e+04	 4.5969e-02	
 4.0000e+00	 3.9424e+04	 4.6514e-02	
 4.0000e+00	 3.9680e+04	 4.6010e-02	
 4.0000e+00	 3.9936e+04	 4.6588e-02	
 4.0000e+00	 4.0192e+04	 4.8112e-02	
 4.0000e+00	 4.0448e+04	 4.6731e-02	
 4.0000e+00	 4.0704e+04	 4.6422e-02	
 4.0000e+00	 4.0960e+04	 4.6434e-02	
 4.0000e+00	 4.1216e+04	 4.6985e-02	
 4.0000e+00	 4.1472e+04	 4.6653e-02	
 4.0000e+00	 4.1728e+04	 4.6398e-02	
 4.0000e+00	 4.1984e+04	 4.5970e-02	
 4.0000e+00	 4.2240e+04	 4.6284e-02	
 4.0000e+00	 4.2496e+04	 4.6369e-02	
 4.0000e+00	 4.2752e+04	 4.6359e-02	
 4.0000e+00	 4.3008e+04	 4.6268e-02	
 4.0000e+00	 4.3264e+04	 4.5924e-02	
 4.0000e+00	 4.3520e+04	 4.6427e-02	
 4.0000e+00	 4.3776e+04	 4.5908e-02	
 4.0000e+00	 4.4032e+04	 4.6733e-02	
 4.0000e+00	 4.4288e+04	 4.6169e-02	
 4.0000e+00	 4.4544e+04	 4.6186e-02	
 4.0000e+00	 4.4800e+04	 4.6788e-02	
 4.0000e+00	 4.5056e+04	 4.7148e-02	
 4.0000e+00	 4.5312e+04	 4.6693e-02	
 4.0000e+00	 4.5568e+04	 4.6768e-02	
 4.0000e+00	 4.5824e+04	 4.6651e-02	
 4.0000e+00	 4.6080e+04	 4.6776e-02	
 4.0000e+00	 4.6336e+04	 4.6913e-02	
 4.0000e+00	 4.6592e+04	 4.6271e-02	
 4.0000e+00	 4.6848e+04	 4.7254e-02	
 4.0000e+00	 4.7104e+04	 4.6472e-02	
 4.0000e+00	 4.7360e+04	 4.6618e-02	
 4.0000e+00	 4.7616e+04	 4.6180e-02	
 4.0000e+00	 4.7872e+04	 4.5988e-02	
 4.0000e+00	 4.8128e+04	 4.6352e-02	
 4.0000e+00	 4.8384e+04	 4.6418e-02	
 4.0000e+00	 4.8640e+04	 4.6354e-02	
 4.0000e+00	 4.8896e+04	 4.7022e-02	
 4.0000e+00	 4.9152e+04	 4.7006e-02	
 4.0000e+00	 4.9408e+04	 4.6898e-02	
 4.0000e+00	 4.9664e+04	 4.6703e-02	
 4.0000e+00	 4.9920e+04	 4.6069e-02	
 4.0000e+00	 5.0176e+04	 4.5803e-02	
 4.0000e+00	 5.0432e+04	 4.6171e-02	
 4.0000e+00	 5.0688e+04	 4.5667e-02	
 4.0000e+00	 5.0944e+04	 4.5848e-02	
 4.0000e+00	 5.1200e+04	 4.6196e-02	
 4.0000e+00	 5.1456e+04	 4.6369e-02	
 4.0000e+00	 5.1712e+04	 4.6306e-02	
 4.0000e+00	 5.1968e+04	 4.6332e-02	
 4.0000e+00	 5.2224e+04	 4.6345e-02	
 4.0000e+00	 5.2480e+04	 4.6112e-02	
 4.0000e+00	 5.2736e+04	 4.6143e-02	
 4.0000e+00	 5.2992e+04	 4.6136e-02	
 4.0000e+00	 5.3248e+04	 4.6093e-02	
 4.0000e+00	 5.3504e+04	 4.6371e-02	
 4.0000e+00	 5.3760e+04	 4.6589e-02	
 4.0000e+00	 5.4016e+04	 4.5973e-02	
 4.0000e+00	 5.4272e+04	 4.6351e-02	
 4.0000e+00	 5.4528e+04	 4.6301e-02	
 4.0000e+00	 5.4784e+04	 4.6035e-02	
 4.0000e+00	 5.5040e+04	 4.6236e-02	
 4.0000e+00	 5.5296e+04	 4.6535e-02	
 4.0000e+00	 5.5552e+04	 4.6258e-02	
 4.0000e+00	 5.5808e+04	 4.6088e-02	
 4.0000e+00	 5.6064e+04	 4.6731e-02	
 4.0000e+00	 5.6320e+04	 4.5777e-02	
 4.0000e+00	 5.6576e+04	 4.5536e-02	
 4.0000e+00	 5.6832e+04	 4.5944e-02	
 4.0000e+00	 5.7088e+04	 4.6142e-02	
 4.0000e+00	 5.7344e+04	 4.6106e-02	
 4.0000e+00	 5.7600e+04	 4.6520e-02	
 4.0000e+00	 5.7856e+04	 4.6275e-02	
 4.0000e+00	 5.8112e+04	 4.6136e-02	
 4.0000e+00	 5.8368e+04	 4.6477e-02	
 4.0000e+00	 5.8624e+04	 4.7084e-02	
 4.0000e+00	 5.8880e+04	 4.6419e-02	
 4.0000e+00	 5.9136e+04	 4.6409e-02	
 4.0000e+00	 5.9392e+04	 4.6400e-02	
 4.0000e+00	 5.9648e+04	 4.7099e-02	
 4.0000e+00	 5.9904e+04	 4.6206e-02	
 4.0000e+00	 6.0160e+04	 4.7020e-02	
 4.0000e+00	 6.0416e+04	 4.6220e-02	
 4.0000e+00	 6.0672e+04	 4.6375e-02	
 4.0000e+00	 6.0928e+04	 4.6420e-02	
 4.0000e+00	 6.1184e+04	 4.6007e-02	
 4.0000e+00	 6.1440e+04	 4.6317e-02	
 4.0000e+00	 6.1696e+04	 4.6084e-02	
 4.0000e+00	 6.1952e+04	 4.6553e-02	
 4.0000e+00	 6.2208e+04	 4.6786e-02	
 4.0000e+00	 6.2464e+04	 4.6506e-02	
 4.0000e+00	 6.2720e+04	 4.6521e-02	
 4.0000e+00	 6.2976e+04	 4.6698e-02	
 4.0000e+00	 6.3232e+04	 4.6162e-02	
 4.0000e+00	 6.3488e+04	 4.6837e-02	
 4.0000e+00	 6.3744e+04	 4.7167e-02	
 4.0000e+00	 6.4000e+04	 4.5987e-02	
 4.0000e+00	 6.4256e+04	 4.6279e-02	
 4.0000e+00	 6.4512e+04	 4.5979e-02	
 4.0000e+00	 6.4768e+04	 4.5863e-02	
 4.0000e+00	 6.5024e+04	 4.6526e-02	
 4.0000e+00	 6.5280e+04	 4.6613e-02	
 4.0000e+00	 6.5536e+04	 4.6098e-02	
 4.0000e+00	 6.5792e+04	 4.6188e-02	
 4.0000e+00	 6.6048e+04	 4.6021e-02	
 4.0000e+00	 6.6304e+04	 4.6156e-02	
 4.0000e+00	 6.6560e+04	 4.6825e-02	
 4.0000e+00	 6.6816e+04	 4.6373e-02	
 4.0000e+00	 6.7072e+04	 4.6352e-02	
 4.0000e+00	 6.7328e+04	 4.6952e-02	
 4.0000e+00	 6.7584e+04	 4.6205e-02	
 4.0000e+00	 6.7840e+04	 4.6309e-02	
 4.0000e+00	 6.8096e+04	 4.6849e-02	
 4.0000e+00	 6.8352e+04	 4.6131e-02	
 4.0000e+00	 6.8608e+04	 4.6617e-02	
 4.0000e+00	 6.8864e+04	 4.6416e-02	
 4.0000e+00	 6.9120e+04	 4.6536e-02	
 4.0000e+00	 6.9376e+04	 4.6361e-02	
 4.0000e+00	 6.9632e+04	 4.6623e-02	
 4.0000e+00	 6.9888e+04	 4.6236e-02	
 4.0000e+00	 7.0144e+04	 4.6150e-02	
 4.0000e+00	 7.0400e+04	 4.6507e-02	
 4.0000e+00	 7.0656e+04	 4.6681e-02	
 4.0000e+00	 7.0912e+04	 4.6776e-02	
 4.0000e+00	 7.1168e+04	 4.6687e-02	
 4.0000e+00	 7.1424e+04	 4.6962e-02	
 4.0000e+00	 7.1680e+04	 4.6898e-02	
 4.0000e+00	 7.1936e+04	 4.6321e-02	
 4.0000e+00	 7.2192e+04	 4.6077e-02	
 4.0000e+00	 7.2448e+04	 4.6213e-02	
 4.0000e+00	 7.2704e+04	 4.6246e-02	
 4.0000e+00	 7.2960e+04	 4.6294e-02	
 4.0000e+00	 7.3216e+04	 4.6894e-02	
 4.0000e+00	 7.3472e+04	 4.5692e-02	
 4.0000e+00	 7.3728e+04	 4.6143e-02	
 4.0000e+00	 7.3984e+04	 4.6258e-02	
 4.0000e+00	 7.4240e+04	 4.5854e-02	
 4.0000e+00	 7.4496e+04	 4.5818e-02	
 4.0000e+00	 7.4752e+04	 4.6980e-02	
 4.0000e+00	 7.5008e+04	 4.6234e-02	
 4.0000e+00	 7.5264e+04	 4.6318e-02	
 4.0000e+00	 7.5520e+04	 4.6930e-02	
 4.0000e+00	 7.5776e+04	 4.6069e-02	
 4.0000e+00	 7.6032e+04	 4.5834e-02	
 4.0000e+00	 7.6288e+04	 4.6321e-02	
 4.0000e+00	 7.6544e+04	 4.5873e-02	
 4.0000e+00	 7.6800e+04	 4.6598e-02	
 4.0000e+00	 7.7056e+04	 4.5856e-02	
 4.0000e+00	 7.7312e+04	 4.6503e-02	
 4.0000e+00	 7.7568e+04	 4.5994e-02	
 4.0000e+00	 7.7824e+04	 4.5966e-02	
 4.0000e+00	 7.8080e+04	 4.6795e-02	
 4.0000e+00	 7.8336e+04	 4.6229e-02	
 4.0000e+00	 7.8592e+04	 4.6440e-02	
 4.0000e+00	 7.8848e+04	 4.6081e-02	
 4.0000e+00	 7.9104e+04	 4.6022e-02	
 4.0000e+00	 7.9360e+04	 4.6229e-02	
 4.0000e+00	 7.9616e+04	 4.5929e-02	
 4.0000e+00	 7.9872e+04	 4.6218e-02	
 4.0000e+00	 8.0128e+04	 4.6499e-02	
 4.0000e+00	 8.0384e+04	 4.6479e-02	
 4.0000e+00	 8.0640e+04	 4.6386e-02	
 4.0000e+00	 8.0896e+04	 4.6304e-02	
 4.0000e+00	 8.1152e+04	 4.6606e-02	
 4.0000e+00	 8.1408e+04	 4.6246e-02	
 4.0000e+00	 8.1664e+04	 4.6173e-02	
 4.0000e+00	 8.1920e+04	 4.5965e-02	
 4.0000e+00	 8.2176e+04	 4.6069e-02	
 4.0000e+00	 8.2432e+04	 4.6478e-02	
 4.0000e+00	 8.2688e+04	 4.6690e-02	
 5.0000e+00	 2.5600e+02	 4.6731e-02	
 5.0000e+00	 5.1200e+02	 4.6798e-02	
 5.0000e+00	 7.6800e+02	 4.5950e-02	
 5.0000e+00	 1.0240e+03	 4.6618e-02	
 5.0000e+00	 1.2800e+03	 4.6884e-02	
 5.0000e+00	 1.5360e+03	 4.6263e-02	
 5.0000e+00	 1.7920e+03	 4.6128e-02	
 5.0000e+00	 2.0480e+03	 4.6238e-02	
 5.0000e+00	 2.3040e+03	 4.6744e-02	
 5.0000e+00	 2.5600e+03	 4.7183e-02	
 5.0000e+00	 2.8160e+03	 4.6580e-02	
 5.0000e+00	 3.0720e+03	 4.6375e-02	
 5.0000e+00	 3.3280e+03	 4.6329e-02	
 5.0000e+00	 3.5840e+03	 4.5930e-02	
 5.0000e+00	 3.8400e+03	 4.7389e-02	
 5.0000e+00	 4.0960e+03	 4.6148e-02	
 5.0000e+00	 4.3520e+03	 4.6122e-02	
 5.0000e+00	 4.6080e+03	 4.6127e-02	
 5.0000e+00	 4.8640e+03	 4.6241e-02	
 5.0000e+00	 5.1200e+03	 4.5744e-02	
 5.0000e+00	 5.3760e+03	 4.7081e-02	
 5.0000e+00	 5.6320e+03	 4.6317e-02	
 5.0000e+00	 5.8880e+03	 4.5746e-02	
 5.0000e+00	 6.1440e+03	 4.5426e-02	
 5.0000e+00	 6.4000e+03	 4.6516e-02	
 5.0000e+00	 6.6560e+03	 4.5948e-02	
 5.0000e+00	 6.9120e+03	 4.5339e-02	
 5.0000e+00	 7.1680e+03	 4.5939e-02	
 5.0000e+00	 7.4240e+03	 4.5502e-02	
 5.0000e+00	 7.6800e+03	 4.5597e-02	
 5.0000e+00	 7.9360e+03	 4.6092e-02	
 5.0000e+00	 8.1920e+03	 4.5873e-02	
 5.0000e+00	 8.4480e+03	 4.5891e-02	
 5.0000e+00	 8.7040e+03	 4.5462e-02	
 5.0000e+00	 8.9600e+03	 4.6323e-02	
 5.0000e+00	 9.2160e+03	 4.5765e-02	
 5.0000e+00	 9.4720e+03	 4.6208e-02	
 5.0000e+00	 9.7280e+03	 4.5856e-02	
 5.0000e+00	 9.9840e+03	 4.5815e-02	
 5.0000e+00	 1.0240e+04	 4.5946e-02	
 5.0000e+00	 1.0496e+04	 4.5953e-02	
 5.0000e+00	 1.0752e+04	 4.5887e-02	
 5.0000e+00	 1.1008e+04	 4.5887e-02	
 5.0000e+00	 1.1264e+04	 4.6223e-02	
 5.0000e+00	 1.1520e+04	 4.6646e-02	
 5.0000e+00	 1.1776e+04	 4.5659e-02	
 5.0000e+00	 1.2032e+04	 4.5921e-02	
 5.0000e+00	 1.2288e+04	 4.5766e-02	
 5.0000e+00	 1.2544e+04	 4.5967e-02	
 5.0000e+00	 1.2800e+04	 4.6456e-02	
 5.0000e+00	 1.3056e+04	 4.6699e-02	
 5.0000e+00	 1.3312e+04	 4.6557e-02	
 5.0000e+00	 1.3568e+04	 4.5939e-02	
 5.0000e+00	 1.3824e+04	 4.5744e-02	
 5.0000e+00	 1.4080e+04	 4.6463e-02	
 5.0000e+00	 1.4336e+04	 4.6073e-02	
 5.0000e+00	 1.4592e+04	 4.5926e-02	
 5.0000e+00	 1.4848e+04	 4.5918e-02	
 5.0000e+00	 1.5104e+04	 4.5765e-02	
 5.0000e+00	 1.5360e+04	 4.6004e-02	
 5.0000e+00	 1.5616e+04	 4.5902e-02	
 5.0000e+00	 1.5872e+04	 4.5749e-02	
 5.0000e+00	 1.6128e+04	 4.5602e-02	
 5.0000e+00	 1.6384e+04	 4.5607e-02	
 5.0000e+00	 1.6640e+04	 4.5242e-02	
 5.0000e+00	 1.6896e+04	 4.6185e-02	
 5.0000e+00	 1.7152e+04	 4.5462e-02	
 5.0000e+00	 1.7408e+04	 4.5837e-02	
 5.0000e+00	 1.7664e+04	 4.6013e-02	
 5.0000e+00	 1.7920e+04	 4.5423e-02	
 5.0000e+00	 1.8176e+04	 4.5543e-02	
 5.0000e+00	 1.8432e+04	 4.6033e-02	
 5.0000e+00	 1.8688e+04	 4.5808e-02	
 5.0000e+00	 1.8944e+04	 4.6086e-02	
 5.0000e+00	 1.9200e+04	 4.5357e-02	
 5.0000e+00	 1.9456e+04	 4.5872e-02	
 5.0000e+00	 1.9712e+04	 4.6635e-02	
 5.0000e+00	 1.9968e+04	 4.6054e-02	
 5.0000e+00	 2.0224e+04	 4.5919e-02	
 5.0000e+00	 2.0480e+04	 4.5433e-02	
 5.0000e+00	 2.0736e+04	 4.5553e-02	
 5.0000e+00	 2.0992e+04	 4.6674e-02	
 5.0000e+00	 2.1248e+04	 4.5572e-02	
 5.0000e+00	 2.1504e+04	 4.6012e-02	
 5.0000e+00	 2.1760e+04	 4.5834e-02	
 5.0000e+00	 2.2016e+04	 4.5935e-02	
 5.0000e+00	 2.2272e+04	 4.5404e-02	
 5.0000e+00	 2.2528e+04	 4.6322e-02	
 5.0000e+00	 2.2784e+04	 4.5800e-02	
 5.0000e+00	 2.3040e+04	 4.5803e-02	
 5.0000e+00	 2.3296e+04	 4.5383e-02	
 5.0000e+00	 2.3552e+04	 4.5552e-02	
 5.0000e+00	 2.3808e+04	 4.5511e-02	
 5.0000e+00	 2.4064e+04	 4.5946e-02	
 5.0000e+00	 2.4320e+04	 4.6746e-02	
 5.0000e+00	 2.4576e+04	 4.6008e-02	
 5.0000e+00	 2.4832e+04	 4.6122e-02	
 5.0000e+00	 2.5088e+04	 4.6041e-02	
 5.0000e+00	 2.5344e+04	 4.6285e-02	
 5.0000e+00	 2.5600e+04	 4.6175e-02	
 5.0000e+00	 2.5856e+04	 4.6380e-02	
 5.0000e+00	 2.6112e+04	 4.5883e-02	
 5.0000e+00	 2.6368e+04	 4.5668e-02	
 5.0000e+00	 2.6624e+04	 4.5837e-02	
 5.0000e+00	 2.6880e+04	 4.6454e-02	
 5.0000e+00	 2.7136e+04	 4.6988e-02	
 5.0000e+00	 2.7392e+04	 4.6067e-02	
 5.0000e+00	 2.7648e+04	 4.5741e-02	
 5.0000e+00	 2.7904e+04	 4.6551e-02	
 5.0000e+00	 2.8160e+04	 4.5995e-02	
 5.0000e+00	 2.8416e+04	 4.6187e-02	
 5.0000e+00	 2.8672e+04	 4.6357e-02	
 5.0000e+00	 2.8928e+04	 4.6820e-02	
 5.0000e+00	 2.9184e+04	 4.6228e-02	
 5.0000e+00	 2.9440e+04	 4.6245e-02	
 5.0000e+00	 2.9696e+04	 4.6022e-02	
 5.0000e+00	 2.9952e+04	 4.5715e-02	
 5.0000e+00	 3.0208e+04	 4.6077e-02	
 5.0000e+00	 3.0464e+04	 4.6691e-02	
 5.0000e+00	 3.0720e+04	 4.6077e-02	
 5.0000e+00	 3.0976e+04	 4.6144e-02	
 5.0000e+00	 3.1232e+04	 4.5946e-02	
 5.0000e+00	 3.1488e+04	 4.6296e-02	
 5.0000e+00	 3.1744e+04	 4.5999e-02	
 5.0000e+00	 3.2000e+04	 4.6015e-02	
 5.0000e+00	 3.2256e+04	 4.6542e-02	
 5.0000e+00	 3.2512e+04	 4.6080e-02	
 5.0000e+00	 3.2768e+04	 4.6031e-02	
 5.0000e+00	 3.3024e+04	 4.5639e-02	
 5.0000e+00	 3.3280e+04	 4.5948e-02	
 5.0000e+00	 3.3536e+04	 4.5925e-02	
 5.0000e+00	 3.3792e+04	 4.5909e-02	
 5.0000e+00	 3.4048e+04	 4.5480e-02	
 5.0000e+00	 3.4304e+04	 4.5796e-02	
 5.0000e+00	 3.4560e+04	 4.5283e-02	
 5.0000e+00	 3.4816e+04	 4.5571e-02	
 5.0000e+00	 3.5072e+04	 4.6152e-02	
 5.0000e+00	 3.5328e+04	 4.5798e-02	
 5.0000e+00	 3.5584e+04	 4.5775e-02	
 5.0000e+00	 3.5840e+04	 4.4975e-02	
 5.0000e+00	 3.6096e+04	 4.5290e-02	
 5.0000e+00	 3.6352e+04	 4.5384e-02	
 5.0000e+00	 3.6608e+04	 4.5267e-02	
 5.0000e+00	 3.6864e+04	 4.5809e-02	
 5.0000e+00	 3.7120e+04	 4.5419e-02	
 5.0000e+00	 3.7376e+04	 4.5208e-02	
 5.0000e+00	 3.7632e+04	 4.5646e-02	
 5.0000e+00	 3.7888e+04	 4.5288e-02	
 5.0000e+00	 3.8144e+04	 4.6039e-02	
 5.0000e+00	 3.8400e+04	 4.6087e-02	
 5.0000e+00	 3.8656e+04	 4.6096e-02	
 5.0000e+00	 3.8912e+04	 4.5283e-02	
 5.0000e+00	 3.9168e+04	 4.5083e-02	
 5.0000e+00	 3.9424e+04	 4.5589e-02	
 5.0000e+00	 3.9680e+04	 4.5134e-02	
 5.0000e+00	 3.9936e+04	 4.5623e-02	
 5.0000e+00	 4.0192e+04	 4.7017e-02	
 5.0000e+00	 4.0448e+04	 4.5782e-02	
 5.0000e+00	 4.0704e+04	 4.5516e-02	
 5.0000e+00	 4.0960e+04	 4.5523e-02	
 5.0000e+00	 4.1216e+04	 4.6002e-02	
 5.0000e+00	 4.1472e+04	 4.5753e-02	
 5.0000e+00	 4.1728e+04	 4.5475e-02	
 5.0000e+00	 4.1984e+04	 4.5078e-02	
 5.0000e+00	 4.2240e+04	 4.5405e-02	
 5.0000e+00	 4.2496e+04	 4.5468e-02	
 5.0000e+00	 4.2752e+04	 4.5459e-02	
 5.0000e+00	 4.3008e+04	 4.5362e-02	
 5.0000e+00	 4.3264e+04	 4.5040e-02	
 5.0000e+00	 4.3520e+04	 4.5567e-02	
 5.0000e+00	 4.3776e+04	 4.5047e-02	
 5.0000e+00	 4.4032e+04	 4.5798e-02	
 5.0000e+00	 4.4288e+04	 4.5298e-02	
 5.0000e+00	 4.4544e+04	 4.5286e-02	
 5.0000e+00	 4.4800e+04	 4.5827e-02	
 5.0000e+00	 4.5056e+04	 4.6201e-02	
 5.0000e+00	 4.5312e+04	 4.5773e-02	
 5.0000e+00	 4.5568e+04	 4.5792e-02	
 5.0000e+00	 4.5824e+04	 4.5715e-02	
 5.0000e+00	 4.6080e+04	 4.5832e-02	
 5.0000e+00	 4.6336e+04	 4.5961e-02	
 5.0000e+00	 4.6592e+04	 4.5376e-02	
 5.0000e+00	 4.6848e+04	 4.6267e-02	
 5.0000e+00	 4.7104e+04	 4.5560e-02	
 5.0000e+00	 4.7360e+04	 4.5708e-02	
 5.0000e+00	 4.7616e+04	 4.5299e-02	
 5.0000e+00	 4.7872e+04	 4.5137e-02	
 5.0000e+00	 4.8128e+04	 4.5450e-02	
 5.0000e+00	 4.8384e+04	 4.5531e-02	
 5.0000e+00	 4.8640e+04	 4.5441e-02	
 5.0000e+00	 4.8896e+04	 4.6092e-02	
 5.0000e+00	 4.9152e+04	 4.6060e-02	
 5.0000e+00	 4.9408e+04	 4.6006e-02	
 5.0000e+00	 4.9664e+04	 4.5761e-02	
 5.0000e+00	 4.9920e+04	 4.5226e-02	
 5.0000e+00	 5.0176e+04	 4.4972e-02	
 5.0000e+00	 5.0432e+04	 4.5269e-02	
 5.0000e+00	 5.0688e+04	 4.4890e-02	
 5.0000e+00	 5.0944e+04	 4.5002e-02	
 5.0000e+00	 5.1200e+04	 4.5318e-02	
 5.0000e+00	 5.1456e+04	 4.5495e-02	
 5.0000e+00	 5.1712e+04	 4.5436e-02	
 5.0000e+00	 5.1968e+04	 4.5480e-02	
 5.0000e+00	 5.2224e+04	 4.5433e-02	
 5.0000e+00	 5.2480e+04	 4.5266e-02	
 5.0000e+00	 5.2736e+04	 4.5264e-02	
 5.0000e+00	 5.2992e+04	 4.5296e-02	
 5.0000e+00	 5.3248e+04	 4.5253e-02	
 5.0000e+00	 5.3504e+04	 4.5492e-02	
 5.0000e+00	 5.3760e+04	 4.5716e-02	
 5.0000e+00	 5.4016e+04	 4.5110e-02	
 5.0000e+00	 5.4272e+04	 4.5455e-02	
 5.0000e+00	 5.4528e+04	 4.5424e-02	
 5.0000e+00	 5.4784e+04	 4.5226e-02	
 5.0000e+00	 5.5040e+04	 4.5380e-02	
 5.0000e+00	 5.5296e+04	 4.5638e-02	
 5.0000e+00	 5.5552e+04	 4.5376e-02	
 5.0000e+00	 5.5808e+04	 4.5294e-02	
 5.0000e+00	 5.6064e+04	 4.5844e-02	
 5.0000e+00	 5.6320e+04	 4.4969e-02	
 5.0000e+00	 5.6576e+04	 4.4743e-02	
 5.0000e+00	 5.6832e+04	 4.5067e-02	
 5.0000e+00	 5.7088e+04	 4.5262e-02	
 5.0000e+00	 5.7344e+04	 4.5250e-02	
 5.0000e+00	 5.7600e+04	 4.5635e-02	
 5.0000e+00	 5.7856e+04	 4.5422e-02	
 5.0000e+00	 5.8112e+04	 4.5302e-02	
 5.0000e+00	 5.8368e+04	 4.5615e-02	
 5.0000e+00	 5.8624e+04	 4.6158e-02	
 5.0000e+00	 5.8880e+04	 4.5562e-02	
 5.0000e+00	 5.9136e+04	 4.5543e-02	
 5.0000e+00	 5.9392e+04	 4.5541e-02	
 5.0000e+00	 5.9648e+04	 4.6145e-02	
 5.0000e+00	 5.9904e+04	 4.5376e-02	
 5.0000e+00	 6.0160e+04	 4.6111e-02	
 5.0000e+00	 6.0416e+04	 4.5390e-02	
 5.0000e+00	 6.0672e+04	 4.5544e-02	
 5.0000e+00	 6.0928e+04	 4.5571e-02	
 5.0000e+00	 6.1184e+04	 4.5190e-02	
 5.0000e+00	 6.1440e+04	 4.5450e-02	
 5.0000e+00	 6.1696e+04	 4.5247e-02	
 5.0000e+00	 6.1952e+04	 4.5658e-02	
 5.0000e+00	 6.2208e+04	 4.5876e-02	
 5.0000e+00	 6.2464e+04	 4.5682e-02	
 5.0000e+00	 6.2720e+04	 4.5653e-02	
 5.0000e+00	 6.2976e+04	 4.5852e-02	
 5.0000e+00	 6.3232e+04	 4.5380e-02	
 5.0000e+00	 6.3488e+04	 4.5966e-02	
 5.0000e+00	 6.3744e+04	 4.6264e-02	
 5.0000e+00	 6.4000e+04	 4.5229e-02	
 5.0000e+00	 6.4256e+04	 4.5483e-02	
 5.0000e+00	 6.4512e+04	 4.5208e-02	
 5.0000e+00	 6.4768e+04	 4.5083e-02	
 5.0000e+00	 6.5024e+04	 4.5698e-02	
 5.0000e+00	 6.5280e+04	 4.5769e-02	
 5.0000e+00	 6.5536e+04	 4.5321e-02	
 5.0000e+00	 6.5792e+04	 4.5389e-02	
 5.0000e+00	 6.6048e+04	 4.5250e-02	
 5.0000e+00	 6.6304e+04	 4.5358e-02	
 5.0000e+00	 6.6560e+04	 4.5989e-02	
 5.0000e+00	 6.6816e+04	 4.5617e-02	
 5.0000e+00	 6.7072e+04	 4.5577e-02	
 5.0000e+00	 6.7328e+04	 4.6094e-02	
 5.0000e+00	 6.7584e+04	 4.5458e-02	
 5.0000e+00	 6.7840e+04	 4.5541e-02	
 5.0000e+00	 6.8096e+04	 4.5988e-02	
 5.0000e+00	 6.8352e+04	 4.5381e-02	
 5.0000e+00	 6.8608e+04	 4.5813e-02	
 5.0000e+00	 6.8864e+04	 4.5592e-02	
 5.0000e+00	 6.9120e+04	 4.5732e-02	
 5.0000e+00	 6.9376e+04	 4.5534e-02	
 5.0000e+00	 6.9632e+04	 4.5803e-02	
 5.0000e+00	 6.9888e+04	 4.5446e-02	
 5.0000e+00	 7.0144e+04	 4.5387e-02	
 5.0000e+00	 7.0400e+04	 4.5721e-02	
 5.0000e+00	 7.0656e+04	 4.5839e-02	
 5.0000e+00	 7.0912e+04	 4.5909e-02	
 5.0000e+00	 7.1168e+04	 4.5882e-02	
 5.0000e+00	 7.1424e+04	 4.6096e-02	
 5.0000e+00	 7.1680e+04	 4.6095e-02	
 5.0000e+00	 7.1936e+04	 4.5561e-02	
 5.0000e+00	 7.2192e+04	 4.5324e-02	
 5.0000e+00	 7.2448e+04	 4.5435e-02	
 5.0000e+00	 7.2704e+04	 4.5449e-02	
 5.0000e+00	 7.2960e+04	 4.5489e-02	
 5.0000e+00	 7.3216e+04	 4.6053e-02	
 5.0000e+00	 7.3472e+04	 4.4939e-02	
 5.0000e+00	 7.3728e+04	 4.5370e-02	
 5.0000e+00	 7.3984e+04	 4.5463e-02	
 5.0000e+00	 7.4240e+04	 4.5084e-02	
 5.0000e+00	 7.4496e+04	 4.5080e-02	
 5.0000e+00	 7.4752e+04	 4.6119e-02	
 5.0000e+00	 7.5008e+04	 4.5451e-02	
 5.0000e+00	 7.5264e+04	 4.5532e-02	
 5.0000e+00	 7.5520e+04	 4.6087e-02	
 5.0000e+00	 7.5776e+04	 4.5283e-02	
 5.0000e+00	 7.6032e+04	 4.5078e-02	
 5.0000e+00	 7.6288e+04	 4.5511e-02	
 5.0000e+00	 7.6544e+04	 4.5120e-02	
 5.0000e+00	 7.6800e+04	 4.5792e-02	
 5.0000e+00	 7.7056e+04	 4.5121e-02	
 5.0000e+00	 7.7312e+04	 4.5677e-02	
 5.0000e+00	 7.7568e+04	 4.5227e-02	
 5.0000e+00	 7.7824e+04	 4.5205e-02	
 5.0000e+00	 7.8080e+04	 4.5986e-02	
 5.0000e+00	 7.8336e+04	 4.5469e-02	
 5.0000e+00	 7.8592e+04	 4.5652e-02	
 5.0000e+00	 7.8848e+04	 4.5341e-02	
 5.0000e+00	 7.9104e+04	 4.5290e-02	
 5.0000e+00	 7.9360e+04	 4.5453e-02	
 5.0000e+00	 7.9616e+04	 4.5197e-02	
 5.0000e+00	 7.9872e+04	 4.5460e-02	
 5.0000e+00	 8.0128e+04	 4.5693e-02	
 5.0000e+00	 8.0384e+04	 4.5661e-02	
 5.0000e+00	 8.0640e+04	 4.5616e-02	
 5.0000e+00	 8.0896e+04	 4.5535e-02	
 5.0000e+00	 8.1152e+04	 4.5812e-02	
 5.0000e+00	 8.1408e+04	 4.5504e-02	
 5.0000e+00	 8.1664e+04	 4.5431e-02	
 5.0000e+00	 8.1920e+04	 4.5258e-02	
 5.0000e+00	 8.2176e+04	 4.5353e-02	
 5.0000e+00	 8.2432e+04	 4.5685e-02	
 5.0000e+00	 8.2688e+04	 4.5890e-02	
 6.0000e+00	 2.5600e+02	 4.5901e-02	
 6.0000e+00	 5.1200e+02	 4.5997e-02	
 6.0000e+00	 7.6800e+02	 4.5247e-02	
 6.0000e+00	 1.0240e+03	 4.5865e-02	
 6.0000e+00	 1.2800e+03	 4.6040e-02	
 6.0000e+00	 1.5360e+03	 4.5499e-02	
 6.0000e+00	 1.7920e+03	 4.5396e-02	
 6.0000e+00	 2.0480e+03	 4.5518e-02	
 6.0000e+00	 2.3040e+03	 4.5950e-02	
 6.0000e+00	 2.5600e+03	 4.6302e-02	
 6.0000e+00	 2.8160e+03	 4.5822e-02	
 6.0000e+00	 3.0720e+03	 4.5617e-02	
 6.0000e+00	 3.3280e+03	 4.5565e-02	
 6.0000e+00	 3.5840e+03	 4.5200e-02	
 6.0000e+00	 3.8400e+03	 4.6544e-02	
 6.0000e+00	 4.0960e+03	 4.5437e-02	
 6.0000e+00	 4.3520e+03	 4.5423e-02	
 6.0000e+00	 4.6080e+03	 4.5380e-02	
 6.0000e+00	 4.8640e+03	 4.5508e-02	
 6.0000e+00	 5.1200e+03	 4.5026e-02	
 6.0000e+00	 5.3760e+03	 4.6265e-02	
 6.0000e+00	 5.6320e+03	 4.5545e-02	
 6.0000e+00	 5.8880e+03	 4.5065e-02	
 6.0000e+00	 6.1440e+03	 4.4772e-02	
 6.0000e+00	 6.4000e+03	 4.5724e-02	
 6.0000e+00	 6.6560e+03	 4.5224e-02	
 6.0000e+00	 6.9120e+03	 4.4667e-02	
 6.0000e+00	 7.1680e+03	 4.5175e-02	
 6.0000e+00	 7.4240e+03	 4.4823e-02	
 6.0000e+00	 7.6800e+03	 4.4917e-02	
 6.0000e+00	 7.9360e+03	 4.5359e-02	
 6.0000e+00	 8.1920e+03	 4.5164e-02	
 6.0000e+00	 8.4480e+03	 4.5183e-02	
 6.0000e+00	 8.7040e+03	 4.4786e-02	
 6.0000e+00	 8.9600e+03	 4.5554e-02	
 6.0000e+00	 9.2160e+03	 4.5073e-02	
 6.0000e+00	 9.4720e+03	 4.5471e-02	
 6.0000e+00	 9.7280e+03	 4.5155e-02	
 6.0000e+00	 9.9840e+03	 4.5095e-02	
 6.0000e+00	 1.0240e+04	 4.5214e-02	
 6.0000e+00	 1.0496e+04	 4.5224e-02	
 6.0000e+00	 1.0752e+04	 4.5198e-02	
 6.0000e+00	 1.1008e+04	 4.5202e-02	
 6.0000e+00	 1.1264e+04	 4.5476e-02	
 6.0000e+00	 1.1520e+04	 4.5872e-02	
 6.0000e+00	 1.1776e+04	 4.4977e-02	
 6.0000e+00	 1.2032e+04	 4.5224e-02	
 6.0000e+00	 1.2288e+04	 4.5080e-02	
 6.0000e+00	 1.2544e+04	 4.5259e-02	
 6.0000e+00	 1.2800e+04	 4.5714e-02	
 6.0000e+00	 1.3056e+04	 4.5920e-02	
 6.0000e+00	 1.3312e+04	 4.5818e-02	
 6.0000e+00	 1.3568e+04	 4.5249e-02	
 6.0000e+00	 1.3824e+04	 4.5113e-02	
 6.0000e+00	 1.4080e+04	 4.5727e-02	
 6.0000e+00	 1.4336e+04	 4.5404e-02	
 6.0000e+00	 1.4592e+04	 4.5263e-02	
